#
# A fatal error has been detected by the Java Runtime Environment:
#
#  Internal Error (jvmciRuntime.cpp:1609), pid=77, tid=127
#  fatal error: Fatal exception in JVMCI: Error calling jdk.vm.ci.services.Services.serializeSavedProperties
#
# JRE version: OpenJDK Runtime Environment GraalVM CE 22.3.0 (17.0.5+8) (build 17.0.5+8-jvmci-22.3-b08)
# Java VM: OpenJDK 64-Bit Server VM GraalVM CE 22.3.0 (17.0.5+8-jvmci-22.3-b08, mixed mode, sharing, tiered, jvmci, jvmci compiler, compressed oops, compressed class ptrs, parallel gc, linux-amd64)
# Problematic frame:
# V  [libjvm.so+0x972714]  JVMCIRuntime::fatal_exception(JVMCIEnv*, char const*)+0x74
#
# Core dump will be written. Default location: Core dumps may be processed with "/usr/share/apport/apport -p%p -s%s -c%c -d%d -P%P -u%u -g%g -- %E" (or dumping to /home/runner/Project01/core.77)
#
# If you would like to submit a bug report, please visit:
#   https://github.com/oracle/graal/issues
#

---------------  S U M M A R Y ------------

Command Line: -XX:ThreadPriorityPolicy=1 -XX:+UnlockExperimentalVMOptions -XX:+EnableJVMCIProduct -XX:JVMCIThreadsPerNativeLibraryRuntime=1 -XX:-UnlockExperimentalVMOptions -Declipse.application=org.eclipse.jdt.ls.core.id1 -Dosgi.bundles.defaultStartLevel=4 -Declipse.product=org.eclipse.jdt.ls.core.product -Dlog.level=ALL -Xverify:none -XX:+UseParallelGC -XX:GCTimeRatio=4 -XX:AdaptiveSizePolicyWeight=90 -Dsun.zip.disableMemoryMapping=true -Xmx512m -Xms100m /nix/store/q9712qvwdh22a4krw4jz2sjrz07mvjbl-jdt-language-server-1.9.0/share/java/plugins/org.eclipse.equinox.launcher_1.6.400.v20210924-0641.jar --add-modules=ALL-SYSTEM --add-opens java.base/java.util=ALL-UNNAMED --add-opens java.base/java.lang=ALL-UNNAMED -configuration /home/runner/Project01/.cache/jdt-language-server/config -data /home/runner/.cache/jdt-language-server/data/home/runner/Project01

Host: AMD EPYC 7B13, 8 cores, 3G, Ubuntu 20.04.2 LTS
Time: Tue Jun 18 10:01:29 2024 UTC elapsed time: 386.799909 seconds (0d 0h 6m 26s)

---------------  T H R E A D  ---------------

Current thread (0x00007962bc0b1a80):  JavaThread "JVMCI-native CompilerThread0" daemon [_thread_in_vm, id=127, stack(0x00007962c0848000,0x00007962c0a48000)]


Current CompileTask:
JVMCI-native: 386800 7678       4       org.eclipse.jdt.internal.core.JavaElement::setParent (22 bytes)

Stack: [0x00007962c0848000,0x00007962c0a48000],  sp=0x00007962c0a46380,  free space=2040k
Native frames: (J=compiled Java code, j=interpreted, Vv=VM code, C=native code)
V  [libjvm.so+0x972714]  JVMCIRuntime::fatal_exception(JVMCIEnv*, char const*)+0x74
V  [libjvm.so+0x93e2fe]  JVMCIEnv::copy_saved_properties()+0x14e
V  [libjvm.so+0x9732a9]  JVMCIRuntime::initialize(JVMCIEnv*)+0xb19
V  [libjvm.so+0x9738a2]  JVMCIRuntime::get_HotSpotJVMCIRuntime(JVMCIEnv*)+0x12
V  [libjvm.so+0x9749f2]  JVMCIRuntime::compile_method(JVMCIEnv*, JVMCICompiler*, methodHandle const&, int)+0xd2
V  [libjvm.so+0x5b0d20]  CompileBroker::invoke_compiler_on_method(CompileTask*)+0x1470
V  [libjvm.so+0x5b12e8]  CompileBroker::compiler_thread_loop()+0x528
V  [libjvm.so+0xd82460]  JavaThread::thread_main_inner()+0xd0
V  [libjvm.so+0xd85a40]  Thread::call_run()+0xc0
V  [libjvm.so+0xbdb1e1]  thread_native_entry(Thread*)+0xe1

Register to memory mapping:

RAX=0x00007962c392c000 points into unknown readable memory: 0x0000000000000058 | 58 00 00 00 00 00 00 00
RBX=0x00007962c4a27398: <offset 0x0000000000ef5398> in /nix/store/gpxl5qgg8kicmcvivwmybwjlpf7wh20l-graalvm17-ce-22.3.0/lib/server/libjvm.so at 0x00007962c3b32000
RCX=0x00007962c49df1e8: <offset 0x0000000000ead1e8> in /nix/store/gpxl5qgg8kicmcvivwmybwjlpf7wh20l-graalvm17-ce-22.3.0/lib/server/libjvm.so at 0x00007962c3b32000
RDX=0x0000000000000649 is an unknown value
RSP=0x00007962c0a46380 is pointing into the stack for thread: 0x00007962bc0b1a80
RBP=0x00007962c0a463a0 is pointing into the stack for thread: 0x00007962bc0b1a80
RSI=0x00007962c4a27c48: <offset 0x0000000000ef5c48> in /nix/store/gpxl5qgg8kicmcvivwmybwjlpf7wh20l-graalvm17-ce-22.3.0/lib/server/libjvm.so at 0x00007962c3b32000
RDI=0x00000000e0000000 is an oop: [B 
{0x00000000e0000000} - klass: {type array byte}
 - length: 60
R8 =0x00007962c4a27398: <offset 0x0000000000ef5398> in /nix/store/gpxl5qgg8kicmcvivwmybwjlpf7wh20l-graalvm17-ce-22.3.0/lib/server/libjvm.so at 0x00007962c3b32000
R9 =0x00007962c0a46330 is pointing into the stack for thread: 0x00007962bc0b1a80
R10=0x00007962c0a47948 is pointing into the stack for thread: 0x00007962bc0b1a80
R11=0x0000000000000293 is an unknown value
R12=0x0 is NULL
R13=0x00007962bc0b1a80 is a thread
R14=0x00007962bc000b80 points into unknown readable memory: 0x00007962c4c58a38 | 38 8a c5 c4 62 79 00 00
R15=0x00007962c4d66e40: <offset 0x0000000001234e40> in /nix/store/gpxl5qgg8kicmcvivwmybwjlpf7wh20l-graalvm17-ce-22.3.0/lib/server/libjvm.so at 0x00007962c3b32000


Registers:
RAX=0x00007962c392c000, RBX=0x00007962c4a27398, RCX=0x00007962c49df1e8, RDX=0x0000000000000649
RSP=0x00007962c0a46380, RBP=0x00007962c0a463a0, RSI=0x00007962c4a27c48, RDI=0x00000000e0000000
R8 =0x00007962c4a27398, R9 =0x00007962c0a46330, R10=0x00007962c0a47948, R11=0x0000000000000293
R12=0x0000000000000000, R13=0x00007962bc0b1a80, R14=0x00007962bc000b80, R15=0x00007962c4d66e40
RIP=0x00007962c44a4714, EFLAGS=0x0000000000010206, CSGSFS=0x002b000000000033, ERR=0x0000000000000006
  TRAPNO=0x000000000000000e

Top of Stack: (sp=0x00007962c0a46380)
0x00007962c0a46380:   00007962c0a46940 00007962bc0b1a80
0x00007962c0a46390:   00007962c22bd8c8 0000000800c415a8
0x00007962c0a463a0:   00007962c0a46500 00007962c44702fe
0x00007962c0a463b0:   00007962c0a463e0 00007962c0a46440 

Instructions: (pc=0x00007962c44a4714)
0x00007962c44a4614:   30 e8 f6 cf e8 ff 4c 89 e7 e8 2e 48 d1 ff 84 db
0x00007962c44a4624:   75 2a 4d 85 ed 74 04 4d 8b 6d 00 48 83 c4 08 44
0x00007962c44a4634:   89 f9 4c 89 f2 4c 89 ee 5b 4c 89 e7 41 5c 41 5d
0x00007962c44a4644:   41 5e 41 5f 5d e9 e2 47 d1 ff 66 90 48 83 c4 08
0x00007962c44a4654:   5b 41 5c 41 5d 41 5e 41 5f 5d c3 90 31 d2 be 08
0x00007962c44a4664:   00 00 00 4c 89 ff e8 b1 78 a3 ff 49 89 c5 e9 37
0x00007962c44a4674:   ff ff ff 66 0f 1f 84 00 00 00 00 00 48 8b 7a 08
0x00007962c44a4684:   e9 6d ff ff ff 0f 1f 80 00 00 00 00 e8 5b 48 0a
0x00007962c44a4694:   00 84 c0 75 89 e9 6a ff ff ff 66 90 55 48 89 e5
0x00007962c44a46a4:   41 56 41 55 41 54 49 89 fc 53 48 89 f3 66 48 8d
0x00007962c44a46b4:   3d 27 5e 85 00 66 66 48 e8 df 43 8d ff 4c 8b 28
0x00007962c44a46c4:   8b 05 be 72 8a 00 85 c0 75 14 ba 01 00 00 00 48
0x00007962c44a46d4:   8d 0d ae 72 8a 00 f0 0f b1 11 85 c0 74 4e be c8
0x00007962c44a46e4:   00 00 00 4c 89 ef e8 01 0b 41 00 48 8d 05 12 ac
0x00007962c44a46f4:   85 00 49 89 d8 48 8d 0d e8 aa 53 00 ba 49 06 00
0x00007962c44a4704:   00 48 8d 35 3c 35 58 00 bf 00 00 00 e0 48 8b 00
0x00007962c44a4714:   c6 00 58 31 c0 e8 e2 91 c6 ff 5b 41 5c 41 5d 41
0x00007962c44a4724:   5e 5d e9 55 34 26 00 0f 1f 44 00 00 48 8d 05 81
0x00007962c44a4734:   a3 8b 00 48 89 df 4c 8b 30 e8 9e 43 8d ff 48 89
0x00007962c44a4744:   de 48 89 c2 49 8b 06 4c 89 f7 ff 50 08 4c 89 f7
0x00007962c44a4754:   e8 a7 5c 27 00 4d 85 e4 74 12 be 01 00 00 00 4c
0x00007962c44a4764:   89 e7 e8 35 43 fc ff eb 82 0f 1f 00 be 01 00 00
0x00007962c44a4774:   00 4c 89 ef e8 d3 fd ff ff e9 6d ff ff ff 66 66
0x00007962c44a4784:   2e 0f 1f 84 00 00 00 00 00 0f 1f 00 55 48 89 e5
0x00007962c44a4794:   41 57 41 56 41 55 41 54 53 48 81 ec 08 02 00 00
0x00007962c44a47a4:   64 48 8b 04 25 28 00 00 00 48 89 45 c8 8b 07 83
0x00007962c44a47b4:   f8 02 0f 84 11 04 00 00 4c 8b 6f 18 49 89 ff 49
0x00007962c44a47c4:   89 f4 4d 85 ed 74 14 4c 89 ef e8 5d 57 22 00 41
0x00007962c44a47d4:   8b 07 83 f8 02 0f 84 19 04 00 00 48 8d 1d 9a 06
0x00007962c44a47e4:   8a 00 4c 8d 35 0b 3c 58 00 eb 38 90 48 85 d2 7f
0x00007962c44a47f4:   0d 48 8d 05 b4 c0 85 00 48 83 38 00 7e 0e 41 8b
0x00007962c44a4804:   77 2c 4c 89 f7 31 c0 e8 a0 b2 f7 ff 49 8b 7f 18 


Stack slot to memory mapping:
stack at sp + 0 slots: 0x00007962c0a46940 is pointing into the stack for thread: 0x00007962bc0b1a80
stack at sp + 1 slots: 0x00007962bc0b1a80 is a thread
stack at sp + 2 slots: 0x00007962c22bd8c8 points into unknown readable memory: 0x6573001880c9ffff | ff ff c9 80 18 00 73 65
stack at sp + 3 slots: 0x0000000800c415a8 is a pointer to class: 
jdk.vm.ci.services.Services {0x0000000800c415a8}
 - instance size:     2
 - klass size:        65
 - access:            public final synchronized 
 - state:             fully_initialized
 - name:              'jdk/vm/ci/services/Services'
 - super:             'java/lang/Object'
 - sub:               
 - arrays:            NULL
 - methods:           Array<T>(0x00007962c1441890)
 - method ordering:   Array<T>(0x0000000800928960)
 - default_methods:   Array<T>(0x0000000000000000)
 - local interfaces:  Array<T>(0x00000008005ce810)
 - trans. interfaces: Array<T>(0x00000008005ce810)
 - constants:         constant pool [427] {0x00007962c1440970} for 'jdk/vm/ci/services/Services' cache=0x00007962c1442b60
 - class loader data:  loader data: 0x00007962bc027bc0 of 'bootstrap'
 - source file:       'Services.java'
 - class annotations:       Array<T>(0x0000000000000000)
 - class type annotations:  Array<T>(0x0000000000000000)
 - field annotations:       Array<T>(0x0000000000000000)
 - field type annotations:  Array<T>(0x0000000000000000)
 - inner classes:     Array<T>(0x00007962c1442b30)
 - nest members:     Array<T>(0x00007962c1442b50)
 - permitted subclasses:     Array<T>(0x00000008005ce7a0)
 - java mirror:       a 'java/lang/Class'{0x00000000e02ae0b0} = 'jdk/vm/ci/services/Services'
 - vtable length      5  (start addr: 0x0000000800c41778)
 - itable length      2 (start addr: 0x0000000800c417a0)
 - ---- static fields (3 words):
 - public static final 'IS_BUILDING_NATIVE_IMAGE' 'Z' @128 
 - public static final 'IS_IN_NATIVE_IMAGE' 'Z' @129 
 - private static volatile 'savedProperties' 'Ljava/util/Map;' @112 
 - static final 'JVMCI_ENABLED' 'Z' @130 
 - private static final 'servicesCache' 'Ljava/util/Map;' @116 
 - private static final 'MAX_UNICODE_IN_UTF8_LENGTH' 'I' @120 
 - private static final 'MAX_UTF8_PROPERTY_STRING_LENGTH' 'I' @124 
 - ---- non-static fields (0 words):
 - non-static oop maps: 
stack at sp + 4 slots: 0x00007962c0a46500 is pointing into the stack for thread: 0x00007962bc0b1a80
stack at sp + 5 slots: 0x00007962c44702fe: <offset 0x000000000093e2fe> in /nix/store/gpxl5qgg8kicmcvivwmybwjlpf7wh20l-graalvm17-ce-22.3.0/lib/server/libjvm.so at 0x00007962c3b32000
stack at sp + 6 slots: 0x00007962c0a463e0 is pointing into the stack for thread: 0x00007962bc0b1a80
stack at sp + 7 slots: 0x00007962c0a46440 is pointing into the stack for thread: 0x00007962bc0b1a80


---------------  P R O C E S S  ---------------

Threads class SMR info:
_java_thread_list=0x0000796240000b70, length=31, elements={
0x00007962bc025e60, 0x00007962bc0a5d50, 0x00007962bc0a7190, 0x00007962bc0ad8f0,
0x00007962bc0aeca0, 0x00007962bc0b0090, 0x00007962bc0b1a80, 0x00007962bc0b2f90,
0x00007962bc0b43e0, 0x00007962bc0d7440, 0x00007962bc11f730, 0x00007962bc315a10,
0x00007962bc34ebb0, 0x00007962bc3606a0, 0x0000796254032e50, 0x00007962543fc120,
0x000079625445ae20, 0x00007962545e75c0, 0x00007962547938e0, 0x00007962bc3b4850,
0x00007962bc449d20, 0x00007962440ce380, 0x00007962280c7eb0, 0x0000796228036f40,
0x00007962280f1ec0, 0x00007962280f26b0, 0x00007962280f6370, 0x0000796228144f00,
0x00007962281459b0, 0x0000796210001a10, 0x00007962400407c0
}

Java Threads: ( => current thread )
  0x00007962bc025e60 JavaThread "main" [_thread_blocked, id=116, stack(0x00007962c394d000,0x00007962c3a4d000)]
  0x00007962bc0a5d50 JavaThread "Reference Handler" daemon [_thread_blocked, id=121, stack(0x00007962c112e000,0x00007962c122e000)]
  0x00007962bc0a7190 JavaThread "Finalizer" daemon [_thread_blocked, id=122, stack(0x00007962c102e000,0x00007962c112e000)]
  0x00007962bc0ad8f0 JavaThread "Signal Dispatcher" daemon [_thread_blocked, id=124, stack(0x00007962c0c48000,0x00007962c0d48000)]
  0x00007962bc0aeca0 JavaThread "Service Thread" daemon [_thread_blocked, id=125, stack(0x00007962c0b48000,0x00007962c0c48000)]
  0x00007962bc0b0090 JavaThread "Monitor Deflation Thread" daemon [_thread_blocked, id=126, stack(0x00007962c0a48000,0x00007962c0b48000)]
=>0x00007962bc0b1a80 JavaThread "JVMCI-native CompilerThread0" daemon [_thread_in_vm, id=127, stack(0x00007962c0848000,0x00007962c0a48000)]
  0x00007962bc0b2f90 JavaThread "C1 CompilerThread0" daemon [_thread_blocked, id=128, stack(0x00007962c0648000,0x00007962c0848000)]
  0x00007962bc0b43e0 JavaThread "Sweeper thread" daemon [_thread_blocked, id=129, stack(0x00007962c0548000,0x00007962c0648000)]
  0x00007962bc0d7440 JavaThread "Common-Cleaner" daemon [_thread_blocked, id=130, stack(0x00007962c0448000,0x00007962c0548000)]
  0x00007962bc11f730 JavaThread "Notification Thread" daemon [_thread_blocked, id=131, stack(0x00007962c0348000,0x00007962c0448000)]
  0x00007962bc315a10 JavaThread "Active Thread: Equinox Container: 0a791539-8140-4cc4-bea0-84a4d6bbe26c" [_thread_blocked, id=144, stack(0x00007962c0000000,0x00007962c0100000)]
  0x00007962bc34ebb0 JavaThread "Framework Event Dispatcher: Equinox Container: 0a791539-8140-4cc4-bea0-84a4d6bbe26c" daemon [_thread_blocked, id=145, stack(0x00007962a33b3000,0x00007962a34b3000)]
  0x00007962bc3606a0 JavaThread "Start Level: Equinox Container: 0a791539-8140-4cc4-bea0-84a4d6bbe26c" daemon [_thread_blocked, id=146, stack(0x00007962a0f00000,0x00007962a1000000)]
  0x0000796254032e50 JavaThread "SCR Component Actor" daemon [_thread_blocked, id=147, stack(0x00007962a0d00000,0x00007962a0e00000)]
  0x00007962543fc120 JavaThread "Worker-JM" [_thread_blocked, id=149, stack(0x00007962a0900000,0x00007962a0a00000)]
  0x000079625445ae20 JavaThread "Worker-0: Compacting resource model" [_thread_blocked, id=150, stack(0x00007962a0700000,0x00007962a0800000)]
  0x00007962545e75c0 JavaThread "Java indexing" daemon [_thread_blocked, id=152, stack(0x00007962a0300000,0x00007962a0400000)]
  0x00007962547938e0 JavaThread "Bundle File Closer" daemon [_thread_blocked, id=154, stack(0x000079626ad00000,0x000079626ae00000)]
  0x00007962bc3b4850 JavaThread "pool-3-thread-1" [_thread_blocked, id=155, stack(0x000079626ab00000,0x000079626ac00000)]
  0x00007962bc449d20 JavaThread "pool-2-thread-1" [_thread_blocked, id=156, stack(0x000079626a900000,0x000079626aa00000)]
  0x00007962440ce380 JavaThread "Worker-5: Publish Diagnostics" [_thread_blocked, id=161, stack(0x000079626a300000,0x000079626a400000)]
  0x00007962280c7eb0 JavaThread "Thread-3" [_thread_blocked, id=171, stack(0x000079626a700000,0x000079626a800000)]
  0x0000796228036f40 JavaThread "Thread-4" [_thread_blocked, id=172, stack(0x00007962a0500000,0x00007962a0600000)]
  0x00007962280f1ec0 JavaThread "Thread-6" [_thread_blocked, id=174, stack(0x00007962a0100000,0x00007962a0200000)]
  0x00007962280f26b0 JavaThread "Thread-7" [_thread_blocked, id=175, stack(0x000079626a500000,0x000079626a600000)]
  0x00007962280f6370 JavaThread "Thread-10" [_thread_blocked, id=178, stack(0x00007962a0b00000,0x00007962a0c00000)]
  0x0000796228144f00 JavaThread "Thread-11" [_thread_blocked, id=179, stack(0x00007962c0113000,0x00007962c0213000)]
  0x00007962281459b0 JavaThread "Thread-12" [_thread_blocked, id=180, stack(0x00007962a0e00000,0x00007962a0f00000)]
  0x0000796210001a10 JavaThread "Worker-6" [_thread_blocked, id=181, stack(0x00007962a0c00000,0x00007962a0d00000)]
  0x00007962400407c0 JavaThread "Worker-7" [_thread_blocked, id=182, stack(0x00007962a0a00000,0x00007962a0b00000)]

Other Threads:
  0x00007962bc0a1490 VMThread "VM Thread" [stack: 0x00007962c1230000,0x00007962c1330000] [id=120] _threads_hazard_ptr=0x0000796240000b70
  0x00007962bc1210d0 WatcherThread [stack: 0x00007962c0248000,0x00007962c0348000] [id=132]
  0x00007962bc03d740 GCTaskThread "GC Thread#0" [stack: 0x00007962c3510000,0x00007962c3610000] [id=118]

Threads with active compile tasks:
JVMCI-native CompilerThread0   386826 7678       4       org.eclipse.jdt.internal.core.JavaElement::setParent (22 bytes)

VM state: synchronizing (normal execution)

VM Mutex/Monitor currently owned by a thread:  ([mutex/lock_event])
[0x00007962bc022fb0] Threads_lock - owner thread: 0x00007962bc0a1490
[0x00007962bc023760] Heap_lock - owner thread: 0x00007962545e75c0

OutOfMemory and StackOverflow Exception counts:
OutOfMemoryError java_heap_errors=3
LinkageErrors=61

Heap address: 0x00000000e0000000, size: 512 MB, Compressed Oops mode: 32-bit

CDS archive(s) mapped at: [0x0000000800000000-0x0000000800bc8000-0x0000000800bc8000), size 12353536, SharedBaseAddress: 0x0000000800000000, ArchiveRelocationMode: 0.
Compressed class space mapped at: 0x0000000800c00000-0x0000000840c00000, reserved size: 1073741824
Narrow klass base: 0x0000000800000000, Narrow klass shift: 0, Narrow klass range: 0x100000000

GC Precious Log:
 CPUs: 8 total, 1 available
 Memory: 3215M
 Large Page Support: Disabled
 NUMA Support: Disabled
 Compressed Oops: Enabled (32-bit)
 Alignments: Space 512K, Generation 512K, Heap 2M
 Heap Min Capacity: 100M
 Heap Initial Capacity: 100M
 Heap Max Capacity: 512M
 Pre-touch: Disabled
 Parallel Workers: 1

Heap:
 PSYoungGen      total 58368K, used 39936K [0x00000000f5580000, 0x00000000fa280000, 0x0000000100000000)
  eden space 39936K, 100% used [0x00000000f5580000,0x00000000f7c80000,0x00000000f7c80000)
  from space 18432K, 0% used [0x00000000f8e80000,0x00000000f8e80000,0x00000000fa080000)
  to   space 18432K, 0% used [0x00000000f7c80000,0x00000000f7c80000,0x00000000f8e80000)
 ParOldGen       total 349696K, used 349695K [0x00000000e0000000, 0x00000000f5580000, 0x00000000f5580000)
  object space 349696K, 99% used [0x00000000e0000000,0x00000000f557ff48,0x00000000f5580000)
 Metaspace       used 54588K, committed 55424K, reserved 1105920K
  class space    used 5469K, committed 5760K, reserved 1048576K

Card table byte_map: [0x00007962c3610000,0x00007962c3711000] _byte_map_base: 0x00007962c2f10000

Marking Bits: (ParMarkBitMap*) 0x00007962c4d604c0
 Begin Bits: [0x00007962c2463000, 0x00007962c2c63000)
 End Bits:   [0x00007962c2c63000, 0x00007962c3463000)

Polling page: 0x00007962c392a000

Metaspace:

Usage:
  Non-class:     47.97 MB used.
      Class:      5.34 MB used.
       Both:     53.31 MB used.

Virtual space:
  Non-class space:       56.00 MB reserved,      48.50 MB ( 87%) committed,  7 nodes.
      Class space:        1.00 GB reserved,       5.62 MB ( <1%) committed,  1 nodes.
             Both:        1.05 GB reserved,      54.12 MB (  5%) committed. 

Chunk freelists:
   Non-Class:  3.41 MB
       Class:  2.42 MB
        Both:  5.83 MB

MaxMetaspaceSize: unlimited
CompressedClassSpaceSize: 1.00 GB
Initial GC threshold: 21.00 MB
Current GC threshold: 90.25 MB
CDS: on
MetaspaceReclaimPolicy: balanced
 - commit_granule_bytes: 65536.
 - commit_granule_words: 8192.
 - virtual_space_node_default_size: 1048576.
 - enlarge_chunks_in_place: 1.
 - new_chunks_are_fully_committed: 0.
 - uncommit_free_chunks: 1.
 - use_allocation_guard: 0.
 - handle_deallocations: 1.


Internal statistics:

num_allocs_failed_limit: 6.
num_arena_births: 478.
num_arena_deaths: 148.
num_vsnodes_births: 8.
num_vsnodes_deaths: 0.
num_space_committed: 865.
num_space_uncommitted: 0.
num_chunks_returned_to_freelist: 209.
num_chunks_taken_from_freelist: 2640.
num_chunk_merges: 86.
num_chunk_splits: 1686.
num_chunks_enlarged: 1047.
num_purges: 12.
num_inconsistent_stats: 0.

CodeHeap 'non-profiled nmethods': size=120036Kb used=2514Kb max_used=2514Kb free=117522Kb
 bounds [0x00007962aaf7a000, 0x00007962ab1fa000, 0x00007962b24b3000]
CodeHeap 'profiled nmethods': size=120032Kb used=13770Kb max_used=13770Kb free=106261Kb
 bounds [0x00007962a3a42000, 0x00007962a47c2000, 0x00007962aaf7a000]
CodeHeap 'non-nmethods': size=5692Kb used=1367Kb max_used=1381Kb free=4325Kb
 bounds [0x00007962a34b3000, 0x00007962a3723000, 0x00007962a3a42000]
 total_blobs=7232 nmethods=6533 adapters=603
 compilation: enabled
              stopped_count=0, restarted_count=0
 full_count=0

JVMCI Events (20 events):
Event: 284.267 Thread 0x00007962bc0b1a80 destroyed JavaVM[5]@0x0000796269d9e340 for JVMCI runtime 0
Event: 284.267 Thread 0x00007962bc0b1a80 compacted oop handles in JVMCI runtime 0 from 45 to 45
Event: 284.267 Thread 0x00007962bc0b1a80 releasing handles for JVMCI runtime 0: oop handles=45, metadata handles={total=87, live=76, blocks=37}
Event: 284.267 Thread 0x00007962bc0b1a80 detached from JVMCI runtime 0
Event: 317.493 Thread 0x00007962bc0b1a80 attached to JVMCI runtime 0
Event: 317.495 Thread 0x00007962bc0b1a80 created JavaVM[6]@0x0000796269d9e340 for JVMCI runtime 0
Event: 317.895 Thread 0x00007962bc0b1a80 initializing JVMCI runtime 0
Event: 317.895 Thread 0x00007962bc0b1a80 done waiting for JavaVM references initialization in JVMCI runtime 0
Event: 337.615 Thread 0x00007962bc0b1a80 initialized JVMCI runtime 0
Event: 342.652 Thread 0x00007962bc0b1a80 detaching from JVMCI runtime 0: releasing idle compiler thread (0 other threads still attached)
Event: 342.652 Thread 0x00007962bc0b1a80 shutting down HotSpotJVMCIRuntime for JVMCI runtime 0
Event: 342.652 Thread 0x00007962bc0b1a80 shut down JVMCI runtime 0
Event: 342.653 Thread 0x00007962bc0b1a80 destroyed JavaVM[6]@0x0000796269d9e340 for JVMCI runtime 0
Event: 342.653 Thread 0x00007962bc0b1a80 compacted oop handles in JVMCI runtime 0 from 43 to 43
Event: 342.653 Thread 0x00007962bc0b1a80 releasing handles for JVMCI runtime 0: oop handles=43, metadata handles={total=89, live=78, blocks=37}
Event: 342.653 Thread 0x00007962bc0b1a80 detached from JVMCI runtime 0
Event: 367.295 Thread 0x00007962bc0b1a80 attached to JVMCI runtime 0
Event: 367.296 Thread 0x00007962bc0b1a80 created JavaVM[7]@0x0000796269d9e340 for JVMCI runtime 0
Event: 367.296 Thread 0x00007962bc0b1a80 initializing JVMCI runtime 0
Event: 367.296 Thread 0x00007962bc0b1a80 done waiting for JavaVM references initialization in JVMCI runtime 0

Compilation events (20 events):
Event: 263.344 Thread 0x00007962bc0b1a80 7669       4       java.util.Hashtable$Enumerator::next (27 bytes)
Event: 281.835 Thread 0x00007962bc0b1a80 nmethod 7669 0x00007962ab1ee110 code [0x00007962ab1ee280, 0x00007962ab1ee3a0]
Event: 287.300 Thread 0x00007962bc0b2f90 7670   !   3       org.eclipse.jdt.internal.compiler.parser.Scanner::getNextChar (168 bytes)
Event: 288.105 Thread 0x00007962bc0b2f90 nmethod 7670 0x00007962a47aea90 code [0x00007962a47aeca0, 0x00007962a47af5f0]
Event: 305.432 Thread 0x00007962bc0b2f90 7671       3       org.eclipse.jdt.internal.core.util.LRUCache::privateRemoveEntry (79 bytes)
Event: 305.432 Thread 0x00007962bc0b2f90 nmethod 7671 0x00007962a47af810 code [0x00007962a47af9e0, 0x00007962a47afec0]
Event: 317.493 Thread 0x00007962bc0b1a80 7672       4       jdk.internal.misc.Unsafe::putIntUnaligned (14 bytes)
Event: 330.912 Thread 0x00007962bc0b2f90 7673       3       java.io.DataOutputStream::writeUTF (411 bytes)
Event: 332.884 Thread 0x00007962bc0b2f90 nmethod 7673 0x00007962a47b0010 code [0x00007962a47b03a0, 0x00007962a47b2740]
Event: 332.884 Thread 0x00007962bc0b2f90 7674       3       org.eclipse.jdt.internal.compiler.lookup.ReferenceBinding::<init> (5 bytes)
Event: 332.885 Thread 0x00007962bc0b2f90 nmethod 7674 0x00007962a47b3310 code [0x00007962a47b34c0, 0x00007962a47b3710]
Event: 341.325 Thread 0x00007962bc0b1a80 nmethod 7672 0x00007962ab1ee510 code [0x00007962ab1ee680, 0x00007962ab1ee6d0]
Event: 363.121 Thread 0x00007962bc0b2f90 7675       3       org.eclipse.jdt.internal.compiler.lookup.ReferenceBinding::hashCode (38 bytes)
Event: 363.122 Thread 0x00007962bc0b2f90 nmethod 7675 0x00007962a47b3810 code [0x00007962a47b39e0, 0x00007962a47b3c70]
Event: 363.122 Thread 0x00007962bc0b2f90 7676       3       org.eclipse.jdt.internal.compiler.ast.ASTNode::<init> (11 bytes)
Event: 363.965 Thread 0x00007962bc0b2f90 nmethod 7676 0x00007962a47b3d90 code [0x00007962a47b3f40, 0x00007962a47b40b0]
Event: 366.044 Thread 0x00007962bc0b2f90 7677       3       org.eclipse.jdt.internal.compiler.lookup.Scope::compilerOptions (11 bytes)
Event: 366.044 Thread 0x00007962bc0b2f90 nmethod 7677 0x00007962a47b4190 code [0x00007962a47b4320, 0x00007962a47b4450]
Event: 367.295 Thread 0x00007962bc0b1a80 7678       4       org.eclipse.jdt.internal.core.JavaElement::setParent (22 bytes)
Event: 385.981 Thread 0x00007962bc0b2f90 7679       3       java.util.concurrent.ThreadPoolExecutor::runStateAtLeast (11 bytes)

GC Heap History (20 events):
Event: 382.822 GC heap before
{Heap before GC invocations=890 (full 825):
 PSYoungGen      total 58368K, used 39935K [0x00000000f5580000, 0x00000000fa280000, 0x0000000100000000)
  eden space 39936K, 99% used [0x00000000f5580000,0x00000000f7c7fff8,0x00000000f7c80000)
  from space 18432K, 0% used [0x00000000f8e80000,0x00000000f8e80000,0x00000000fa080000)
  to   space 18432K, 0% used [0x00000000f7c80000,0x00000000f7c80000,0x00000000f8e80000)
 ParOldGen       total 349696K, used 349695K [0x00000000e0000000, 0x00000000f5580000, 0x00000000f5580000)
  object space 349696K, 99% used [0x00000000e0000000,0x00000000f557fdc0,0x00000000f5580000)
 Metaspace       used 54586K, committed 55424K, reserved 1105920K
  class space    used 5469K, committed 5760K, reserved 1048576K
}
Event: 383.219 GC heap after
{Heap after GC invocations=890 (full 825):
 PSYoungGen      total 58368K, used 39935K [0x00000000f5580000, 0x00000000fa280000, 0x0000000100000000)
  eden space 39936K, 99% used [0x00000000f5580000,0x00000000f7c7ffd8,0x00000000f7c80000)
  from space 18432K, 0% used [0x00000000f7c80000,0x00000000f7c80000,0x00000000f8e80000)
  to   space 18432K, 0% used [0x00000000f8e80000,0x00000000f8e80000,0x00000000fa080000)
 ParOldGen       total 349696K, used 349695K [0x00000000e0000000, 0x00000000f5580000, 0x00000000f5580000)
  object space 349696K, 99% used [0x00000000e0000000,0x00000000f557fdc0,0x00000000f5580000)
 Metaspace       used 54586K, committed 55424K, reserved 1105920K
  class space    used 5469K, committed 5760K, reserved 1048576K
}
Event: 383.219 GC heap before
{Heap before GC invocations=891 (full 826):
 PSYoungGen      total 58368K, used 39935K [0x00000000f5580000, 0x00000000fa280000, 0x0000000100000000)
  eden space 39936K, 99% used [0x00000000f5580000,0x00000000f7c7fff8,0x00000000f7c80000)
  from space 18432K, 0% used [0x00000000f7c80000,0x00000000f7c80000,0x00000000f8e80000)
  to   space 18432K, 0% used [0x00000000f8e80000,0x00000000f8e80000,0x00000000fa080000)
 ParOldGen       total 349696K, used 349695K [0x00000000e0000000, 0x00000000f5580000, 0x00000000f5580000)
  object space 349696K, 99% used [0x00000000e0000000,0x00000000f557fdc0,0x00000000f5580000)
 Metaspace       used 54586K, committed 55424K, reserved 1105920K
  class space    used 5469K, committed 5760K, reserved 1048576K
}
Event: 383.599 GC heap after
{Heap after GC invocations=891 (full 826):
 PSYoungGen      total 58368K, used 39935K [0x00000000f5580000, 0x00000000fa280000, 0x0000000100000000)
  eden space 39936K, 99% used [0x00000000f5580000,0x00000000f7c7ffc0,0x00000000f7c80000)
  from space 18432K, 0% used [0x00000000f8e80000,0x00000000f8e80000,0x00000000fa080000)
  to   space 18432K, 0% used [0x00000000f7c80000,0x00000000f7c80000,0x00000000f8e80000)
 ParOldGen       total 349696K, used 349695K [0x00000000e0000000, 0x00000000f5580000, 0x00000000f5580000)
  object space 349696K, 99% used [0x00000000e0000000,0x00000000f557fda0,0x00000000f5580000)
 Metaspace       used 54586K, committed 55424K, reserved 1105920K
  class space    used 5469K, committed 5760K, reserved 1048576K
}
Event: 383.599 GC heap before
{Heap before GC invocations=892 (full 827):
 PSYoungGen      total 58368K, used 39935K [0x00000000f5580000, 0x00000000fa280000, 0x0000000100000000)
  eden space 39936K, 99% used [0x00000000f5580000,0x00000000f7c7fff8,0x00000000f7c80000)
  from space 18432K, 0% used [0x00000000f8e80000,0x00000000f8e80000,0x00000000fa080000)
  to   space 18432K, 0% used [0x00000000f7c80000,0x00000000f7c80000,0x00000000f8e80000)
 ParOldGen       total 349696K, used 349695K [0x00000000e0000000, 0x00000000f5580000, 0x00000000f5580000)
  object space 349696K, 99% used [0x00000000e0000000,0x00000000f557fda0,0x00000000f5580000)
 Metaspace       used 54586K, committed 55424K, reserved 1105920K
  class space    used 5469K, committed 5760K, reserved 1048576K
}
Event: 384.012 GC heap after
{Heap after GC invocations=892 (full 827):
 PSYoungGen      total 58368K, used 39935K [0x00000000f5580000, 0x00000000fa280000, 0x0000000100000000)
  eden space 39936K, 99% used [0x00000000f5580000,0x00000000f7c7ffa0,0x00000000f7c80000)
  from space 18432K, 0% used [0x00000000f7c80000,0x00000000f7c80000,0x00000000f8e80000)
  to   space 18432K, 0% used [0x00000000f8e80000,0x00000000f8e80000,0x00000000fa080000)
 ParOldGen       total 349696K, used 349695K [0x00000000e0000000, 0x00000000f5580000, 0x00000000f5580000)
  object space 349696K, 99% used [0x00000000e0000000,0x00000000f557fd70,0x00000000f5580000)
 Metaspace       used 54586K, committed 55424K, reserved 1105920K
  class space    used 5469K, committed 5760K, reserved 1048576K
}
Event: 384.012 GC heap before
{Heap before GC invocations=893 (full 828):
 PSYoungGen      total 58368K, used 39936K [0x00000000f5580000, 0x00000000fa280000, 0x0000000100000000)
  eden space 39936K, 100% used [0x00000000f5580000,0x00000000f7c80000,0x00000000f7c80000)
  from space 18432K, 0% used [0x00000000f7c80000,0x00000000f7c80000,0x00000000f8e80000)
  to   space 18432K, 0% used [0x00000000f8e80000,0x00000000f8e80000,0x00000000fa080000)
 ParOldGen       total 349696K, used 349695K [0x00000000e0000000, 0x00000000f5580000, 0x00000000f5580000)
  object space 349696K, 99% used [0x00000000e0000000,0x00000000f557fd70,0x00000000f5580000)
 Metaspace       used 54586K, committed 55424K, reserved 1105920K
  class space    used 5469K, committed 5760K, reserved 1048576K
}
Event: 384.400 GC heap after
{Heap after GC invocations=893 (full 828):
 PSYoungGen      total 58368K, used 39935K [0x00000000f5580000, 0x00000000fa280000, 0x0000000100000000)
  eden space 39936K, 99% used [0x00000000f5580000,0x00000000f7c7fff0,0x00000000f7c80000)
  from space 18432K, 0% used [0x00000000f8e80000,0x00000000f8e80000,0x00000000fa080000)
  to   space 18432K, 0% used [0x00000000f7c80000,0x00000000f7c80000,0x00000000f8e80000)
 ParOldGen       total 349696K, used 349695K [0x00000000e0000000, 0x00000000f5580000, 0x00000000f5580000)
  object space 349696K, 99% used [0x00000000e0000000,0x00000000f557fd70,0x00000000f5580000)
 Metaspace       used 54586K, committed 55424K, reserved 1105920K
  class space    used 5469K, committed 5760K, reserved 1048576K
}
Event: 384.400 GC heap before
{Heap before GC invocations=894 (full 829):
 PSYoungGen      total 58368K, used 39936K [0x00000000f5580000, 0x00000000fa280000, 0x0000000100000000)
  eden space 39936K, 100% used [0x00000000f5580000,0x00000000f7c80000,0x00000000f7c80000)
  from space 18432K, 0% used [0x00000000f8e80000,0x00000000f8e80000,0x00000000fa080000)
  to   space 18432K, 0% used [0x00000000f7c80000,0x00000000f7c80000,0x00000000f8e80000)
 ParOldGen       total 349696K, used 349695K [0x00000000e0000000, 0x00000000f5580000, 0x00000000f5580000)
  object space 349696K, 99% used [0x00000000e0000000,0x00000000f557fd70,0x00000000f5580000)
 Metaspace       used 54586K, committed 55424K, reserved 1105920K
  class space    used 5469K, committed 5760K, reserved 1048576K
}
Event: 384.806 GC heap after
{Heap after GC invocations=894 (full 829):
 PSYoungGen      total 58368K, used 39935K [0x00000000f5580000, 0x00000000fa280000, 0x0000000100000000)
  eden space 39936K, 99% used [0x00000000f5580000,0x00000000f7c7ffd0,0x00000000f7c80000)
  from space 18432K, 0% used [0x00000000f7c80000,0x00000000f7c80000,0x00000000f8e80000)
  to   space 18432K, 0% used [0x00000000f8e80000,0x00000000f8e80000,0x00000000fa080000)
 ParOldGen       total 349696K, used 349695K [0x00000000e0000000, 0x00000000f5580000, 0x00000000f5580000)
  object space 349696K, 99% used [0x00000000e0000000,0x00000000f557fd70,0x00000000f5580000)
 Metaspace       used 54586K, committed 55424K, reserved 1105920K
  class space    used 5469K, committed 5760K, reserved 1048576K
}
Event: 384.806 GC heap before
{Heap before GC invocations=895 (full 830):
 PSYoungGen      total 58368K, used 39936K [0x00000000f5580000, 0x00000000fa280000, 0x0000000100000000)
  eden space 39936K, 100% used [0x00000000f5580000,0x00000000f7c80000,0x00000000f7c80000)
  from space 18432K, 0% used [0x00000000f7c80000,0x00000000f7c80000,0x00000000f8e80000)
  to   space 18432K, 0% used [0x00000000f8e80000,0x00000000f8e80000,0x00000000fa080000)
 ParOldGen       total 349696K, used 349695K [0x00000000e0000000, 0x00000000f5580000, 0x00000000f5580000)
  object space 349696K, 99% used [0x00000000e0000000,0x00000000f557fd70,0x00000000f5580000)
 Metaspace       used 54586K, committed 55424K, reserved 1105920K
  class space    used 5469K, committed 5760K, reserved 1048576K
}
Event: 385.202 GC heap after
{Heap after GC invocations=895 (full 830):
 PSYoungGen      total 58368K, used 39936K [0x00000000f5580000, 0x00000000fa280000, 0x0000000100000000)
  eden space 39936K, 100% used [0x00000000f5580000,0x00000000f7c80000,0x00000000f7c80000)
  from space 18432K, 0% used [0x00000000f8e80000,0x00000000f8e80000,0x00000000fa080000)
  to   space 18432K, 0% used [0x00000000f7c80000,0x00000000f7c80000,0x00000000f8e80000)
 ParOldGen       total 349696K, used 349695K [0x00000000e0000000, 0x00000000f5580000, 0x00000000f5580000)
  object space 349696K, 99% used [0x00000000e0000000,0x00000000f557fd70,0x00000000f5580000)
 Metaspace       used 54586K, committed 55424K, reserved 1105920K
  class space    used 5469K, committed 5760K, reserved 1048576K
}
Event: 385.203 GC heap before
{Heap before GC invocations=896 (full 831):
 PSYoungGen      total 58368K, used 39936K [0x00000000f5580000, 0x00000000fa280000, 0x0000000100000000)
  eden space 39936K, 100% used [0x00000000f5580000,0x00000000f7c80000,0x00000000f7c80000)
  from space 18432K, 0% used [0x00000000f8e80000,0x00000000f8e80000,0x00000000fa080000)
  to   space 18432K, 0% used [0x00000000f7c80000,0x00000000f7c80000,0x00000000f8e80000)
 ParOldGen       total 349696K, used 349695K [0x00000000e0000000, 0x00000000f5580000, 0x00000000f5580000)
  object space 349696K, 99% used [0x00000000e0000000,0x00000000f557fe68,0x00000000f5580000)
 Metaspace       used 54587K, committed 55424K, reserved 1105920K
  class space    used 5469K, committed 5760K, reserved 1048576K
}
Event: 385.582 GC heap after
{Heap after GC invocations=896 (full 831):
 PSYoungGen      total 58368K, used 39936K [0x00000000f5580000, 0x00000000fa280000, 0x0000000100000000)
  eden space 39936K, 100% used [0x00000000f5580000,0x00000000f7c80000,0x00000000f7c80000)
  from space 18432K, 0% used [0x00000000f7c80000,0x00000000f7c80000,0x00000000f8e80000)
  to   space 18432K, 0% used [0x00000000f8e80000,0x00000000f8e80000,0x00000000fa080000)
 ParOldGen       total 349696K, used 349695K [0x00000000e0000000, 0x00000000f5580000, 0x00000000f5580000)
  object space 349696K, 99% used [0x00000000e0000000,0x00000000f557fe08,0x00000000f5580000)
 Metaspace       used 54587K, committed 55424K, reserved 1105920K
  class space    used 5469K, committed 5760K, reserved 1048576K
}
Event: 385.582 GC heap before
{Heap before GC invocations=897 (full 832):
 PSYoungGen      total 58368K, used 39936K [0x00000000f5580000, 0x00000000fa280000, 0x0000000100000000)
  eden space 39936K, 100% used [0x00000000f5580000,0x00000000f7c80000,0x00000000f7c80000)
  from space 18432K, 0% used [0x00000000f7c80000,0x00000000f7c80000,0x00000000f8e80000)
  to   space 18432K, 0% used [0x00000000f8e80000,0x00000000f8e80000,0x00000000fa080000)
 ParOldGen       total 349696K, used 349695K [0x00000000e0000000, 0x00000000f5580000, 0x00000000f5580000)
  object space 349696K, 99% used [0x00000000e0000000,0x00000000f557fe08,0x00000000f5580000)
 Metaspace       used 54587K, committed 55424K, reserved 1105920K
  class space    used 5469K, committed 5760K, reserved 1048576K
}
Event: 385.981 GC heap after
{Heap after GC invocations=897 (full 832):
 PSYoungGen      total 58368K, used 39936K [0x00000000f5580000, 0x00000000fa280000, 0x0000000100000000)
  eden space 39936K, 100% used [0x00000000f5580000,0x00000000f7c80000,0x00000000f7c80000)
  from space 18432K, 0% used [0x00000000f8e80000,0x00000000f8e80000,0x00000000fa080000)
  to   space 18432K, 0% used [0x00000000f7c80000,0x00000000f7c80000,0x00000000f8e80000)
 ParOldGen       total 349696K, used 349695K [0x00000000e0000000, 0x00000000f5580000, 0x00000000f5580000)
  object space 349696K, 99% used [0x00000000e0000000,0x00000000f557fe08,0x00000000f5580000)
 Metaspace       used 54587K, committed 55424K, reserved 1105920K
  class space    used 5469K, committed 5760K, reserved 1048576K
}
Event: 385.981 GC heap before
{Heap before GC invocations=898 (full 833):
 PSYoungGen      total 58368K, used 39936K [0x00000000f5580000, 0x00000000fa280000, 0x0000000100000000)
  eden space 39936K, 100% used [0x00000000f5580000,0x00000000f7c80000,0x00000000f7c80000)
  from space 18432K, 0% used [0x00000000f8e80000,0x00000000f8e80000,0x00000000fa080000)
  to   space 18432K, 0% used [0x00000000f7c80000,0x00000000f7c80000,0x00000000f8e80000)
 ParOldGen       total 349696K, used 349695K [0x00000000e0000000, 0x00000000f5580000, 0x00000000f5580000)
  object space 349696K, 99% used [0x00000000e0000000,0x00000000f557fef0,0x00000000f5580000)
 Metaspace       used 54588K, committed 55424K, reserved 1105920K
  class space    used 5469K, committed 5760K, reserved 1048576K
}
Event: 386.393 GC heap after
{Heap after GC invocations=898 (full 833):
 PSYoungGen      total 58368K, used 39935K [0x00000000f5580000, 0x00000000fa280000, 0x0000000100000000)
  eden space 39936K, 99% used [0x00000000f5580000,0x00000000f7c7ffe0,0x00000000f7c80000)
  from space 18432K, 0% used [0x00000000f7c80000,0x00000000f7c80000,0x00000000f8e80000)
  to   space 18432K, 0% used [0x00000000f8e80000,0x00000000f8e80000,0x00000000fa080000)
 ParOldGen       total 349696K, used 349695K [0x00000000e0000000, 0x00000000f5580000, 0x00000000f5580000)
  object space 349696K, 99% used [0x00000000e0000000,0x00000000f557fc00,0x00000000f5580000)
 Metaspace       used 54588K, committed 55424K, reserved 1105920K
  class space    used 5469K, committed 5760K, reserved 1048576K
}
Event: 386.393 GC heap before
{Heap before GC invocations=899 (full 834):
 PSYoungGen      total 58368K, used 39935K [0x00000000f5580000, 0x00000000fa280000, 0x0000000100000000)
  eden space 39936K, 99% used [0x00000000f5580000,0x00000000f7c7ffe0,0x00000000f7c80000)
  from space 18432K, 0% used [0x00000000f7c80000,0x00000000f7c80000,0x00000000f8e80000)
  to   space 18432K, 0% used [0x00000000f8e80000,0x00000000f8e80000,0x00000000fa080000)
 ParOldGen       total 349696K, used 349695K [0x00000000e0000000, 0x00000000f5580000, 0x00000000f5580000)
  object space 349696K, 99% used [0x00000000e0000000,0x00000000f557fc00,0x00000000f5580000)
 Metaspace       used 54588K, committed 55424K, reserved 1105920K
  class space    used 5469K, committed 5760K, reserved 1048576K
}
Event: 386.777 GC heap after
{Heap after GC invocations=899 (full 834):
 PSYoungGen      total 58368K, used 39935K [0x00000000f5580000, 0x00000000fa280000, 0x0000000100000000)
  eden space 39936K, 99% used [0x00000000f5580000,0x00000000f7c7ffe0,0x00000000f7c80000)
  from space 18432K, 0% used [0x00000000f8e80000,0x00000000f8e80000,0x00000000fa080000)
  to   space 18432K, 0% used [0x00000000f7c80000,0x00000000f7c80000,0x00000000f8e80000)
 ParOldGen       total 349696K, used 349695K [0x00000000e0000000, 0x00000000f5580000, 0x00000000f5580000)
  object space 349696K, 99% used [0x00000000e0000000,0x00000000f557fc00,0x00000000f5580000)
 Metaspace       used 54588K, committed 55424K, reserved 1105920K
  class space    used 5469K, committed 5760K, reserved 1048576K
}

Dll operation events (9 events):
Event: 0.003 Loaded shared library /nix/store/gpxl5qgg8kicmcvivwmybwjlpf7wh20l-graalvm17-ce-22.3.0/lib/libjava.so
Event: 0.048 Loaded shared library /nix/store/gpxl5qgg8kicmcvivwmybwjlpf7wh20l-graalvm17-ce-22.3.0/lib/libjsvml.so
Event: 0.151 Loaded shared library /nix/store/gpxl5qgg8kicmcvivwmybwjlpf7wh20l-graalvm17-ce-22.3.0/lib/libnio.so
Event: 0.153 Loaded shared library /nix/store/gpxl5qgg8kicmcvivwmybwjlpf7wh20l-graalvm17-ce-22.3.0/lib/libjvmcicompiler.so
Event: 0.159 Loaded shared library /nix/store/gpxl5qgg8kicmcvivwmybwjlpf7wh20l-graalvm17-ce-22.3.0/lib/libzip.so
Event: 0.282 Loaded shared library /nix/store/gpxl5qgg8kicmcvivwmybwjlpf7wh20l-graalvm17-ce-22.3.0/lib/libjimage.so
Event: 0.950 Loaded shared library /nix/store/gpxl5qgg8kicmcvivwmybwjlpf7wh20l-graalvm17-ce-22.3.0/lib/libnet.so
Event: 1.561 Loaded shared library /home/runner/Project01/.cache/jdt-language-server/config/org.eclipse.equinox.launcher/org.eclipse.equinox.launcher.gtk.linux.x86_64_1.2.400.v20211117-0650/eclipse_11600.so
Event: 3.901 Loaded shared library /nix/store/gpxl5qgg8kicmcvivwmybwjlpf7wh20l-graalvm17-ce-22.3.0/lib/libextnet.so

Deoptimization events (20 events):
Event: 21.006 Thread 0x00007962545e75c0 DEOPT PACKING pc=0x00007962a4724fdd sp=0x00007962a03fe530
Event: 21.006 Thread 0x00007962545e75c0 DEOPT UNPACKING pc=0x00007962a3505325 sp=0x00007962a03fda20 mode 0
Event: 143.116 Thread 0x0000796228036f40 Uncommon trap: trap_request=0xffffffed fr.pc=0x00007962ab141022 relative=0x0000000000000082
Event: 143.116 Thread 0x0000796228036f40 Uncommon trap: reason=null_assert_or_unreached0 action=reinterpret pc=0x00007962ab141022 method=org.eclipse.jdt.internal.compiler.classfmt.MethodInfo.getExceptionTypeNames()[[C @ 4 jvmci
Event: 143.116 Thread 0x0000796228036f40 DEOPT PACKING pc=0x00007962ab141022 sp=0x00007962a05fd840
Event: 143.116 Thread 0x0000796228036f40 DEOPT UNPACKING pc=0x00007962a3505325 sp=0x00007962a05fcce0 mode 3
Event: 143.117 Thread 0x0000796228036f40 Uncommon trap: trap_request=0xffffffdd fr.pc=0x00007962ab1bbf52 relative=0x0000000000000612
Event: 143.117 Thread 0x0000796228036f40 Uncommon trap: reason=class_check action=reinterpret pc=0x00007962ab1bbf52 method=java.util.TimSort.binarySort([Ljava/lang/Object;IIILjava/util/Comparator;)V @ 32 jvmci
Event: 143.117 Thread 0x0000796228036f40 DEOPT PACKING pc=0x00007962ab1bbf52 sp=0x00007962a05fdd50
Event: 143.117 Thread 0x0000796228036f40 DEOPT UNPACKING pc=0x00007962a3505325 sp=0x00007962a05fd210 mode 3
Event: 144.112 Thread 0x0000796228036f40 Uncommon trap: trap_request=0xffffffed fr.pc=0x00007962ab18c971 relative=0x00000000000012f1
Event: 144.112 Thread 0x0000796228036f40 Uncommon trap: reason=null_assert_or_unreached0 action=reinterpret pc=0x00007962ab18c971 method=org.eclipse.jdt.internal.compiler.parser.Scanner.internalScanIdentifierOrKeyword(II[C)I @ 0 jvmci
Event: 144.112 Thread 0x0000796228036f40 DEOPT PACKING pc=0x00007962ab18c971 sp=0x00007962a05fd340
Event: 144.112 Thread 0x0000796228036f40 DEOPT UNPACKING pc=0x00007962a3505325 sp=0x00007962a05fc7d0 mode 3
Event: 330.912 Thread 0x00007962bc0b1a80 DEOPT PACKING pc=0x00007962a3bfeaf0 sp=0x00007962c0a45ef0
Event: 330.912 Thread 0x00007962bc0b1a80 DEOPT UNPACKING pc=0x00007962a3505325 sp=0x00007962c0a45458 mode 0
Event: 385.981 Thread 0x00007962bc0b1a80 Uncommon trap: trap_request=0xffffff8f fr.pc=0x00007962ab039f9b relative=0x000000000000017b
Event: 385.981 Thread 0x00007962bc0b1a80 Uncommon trap: reason=constraint action=none pc=0x00007962ab039f9b method=java.io.ByteArrayOutputStream.<init>(I)V @ 0 jvmci
Event: 385.981 Thread 0x00007962bc0b1a80 DEOPT PACKING pc=0x00007962ab039f9b sp=0x00007962c0a46020
Event: 385.981 Thread 0x00007962bc0b1a80 DEOPT UNPACKING pc=0x00007962a3505325 sp=0x00007962c0a454c8 mode 3

Classes unloaded (20 events):
Event: 142.461 Thread 0x00007962bc0a1490 Unloading class 0x00000008010e2800 'jdk/internal/reflect/GeneratedSerializationConstructorAccessor12'
Event: 142.461 Thread 0x00007962bc0a1490 Unloading class 0x00000008010e2400 'jdk/internal/reflect/GeneratedMethodAccessor12'
Event: 142.461 Thread 0x00007962bc0a1490 Unloading class 0x00000008010e2000 'jdk/internal/reflect/GeneratedMethodAccessor11'
Event: 142.461 Thread 0x00007962bc0a1490 Unloading class 0x00000008010e1c00 'jdk/internal/reflect/GeneratedSerializationConstructorAccessor11'
Event: 142.461 Thread 0x00007962bc0a1490 Unloading class 0x00000008010e1800 'jdk/internal/reflect/GeneratedSerializationConstructorAccessor10'
Event: 142.461 Thread 0x00007962bc0a1490 Unloading class 0x00000008010e1400 'jdk/internal/reflect/GeneratedSerializationConstructorAccessor9'
Event: 142.461 Thread 0x00007962bc0a1490 Unloading class 0x00000008010e1000 'jdk/internal/reflect/GeneratedSerializationConstructorAccessor8'
Event: 142.461 Thread 0x00007962bc0a1490 Unloading class 0x00000008010d8000 'jdk/internal/reflect/GeneratedSerializationConstructorAccessor7'
Event: 142.461 Thread 0x00007962bc0a1490 Unloading class 0x00000008010d5c00 'jdk/internal/reflect/GeneratedSerializationConstructorAccessor6'
Event: 142.461 Thread 0x00007962bc0a1490 Unloading class 0x00000008010d5800 'jdk/internal/reflect/GeneratedSerializationConstructorAccessor5'
Event: 142.461 Thread 0x00007962bc0a1490 Unloading class 0x00000008010d5400 'jdk/internal/reflect/GeneratedSerializationConstructorAccessor4'
Event: 142.461 Thread 0x00007962bc0a1490 Unloading class 0x00000008010c0800 'jdk/internal/reflect/GeneratedMethodAccessor10'
Event: 142.461 Thread 0x00007962bc0a1490 Unloading class 0x00000008010c0400 'jdk/internal/reflect/GeneratedMethodAccessor9'
Event: 142.461 Thread 0x00007962bc0a1490 Unloading class 0x00000008010c0000 'jdk/internal/reflect/GeneratedMethodAccessor8'
Event: 142.461 Thread 0x00007962bc0a1490 Unloading class 0x00000008010b9c00 'jdk/internal/reflect/GeneratedMethodAccessor7'
Event: 142.461 Thread 0x00007962bc0a1490 Unloading class 0x00000008010a0400 'jdk/internal/reflect/GeneratedSerializationConstructorAccessor3'
Event: 142.461 Thread 0x00007962bc0a1490 Unloading class 0x00000008010a0000 'jdk/internal/reflect/GeneratedConstructorAccessor29'
Event: 142.461 Thread 0x00007962bc0a1490 Unloading class 0x0000000801070400 'jdk/internal/reflect/GeneratedSerializationConstructorAccessor2'
Event: 142.461 Thread 0x00007962bc0a1490 Unloading class 0x0000000801070000 'jdk/internal/reflect/GeneratedSerializationConstructorAccessor1'
Event: 366.760 Thread 0x00007962bc0a1490 Unloading class 0x00000008010d8000 'jdk/internal/reflect/GeneratedConstructorAccessor39'

Classes redefined (0 events):
No events

Internal exceptions (20 events):
Event: 13.742 Thread 0x000079625445ae20 Exception <a 'java/lang/NoSuchMethodError'{0x00000000f600bfd8}: 'int java.lang.invoke.DirectMethodHandle$Holder.invokeVirtual(java.lang.Object, java.lang.Object)'> (0x00000000f600bfd8) 
thrown [src/hotspot/share/interpreter/linkResolver.cpp, line 758]
Event: 13.752 Thread 0x000079625445ae20 Implicit null exception at 0x00007962ab087a69 to 0x00007962ab087c1b
Event: 13.893 Thread 0x000079625445ae20 Exception <a 'sun/nio/fs/UnixException'{0x00000000f5c345d0}> (0x00000000f5c345d0) 
thrown [src/hotspot/share/prims/jni.cpp, line 516]
Event: 13.895 Thread 0x000079625445ae20 Exception <a 'java/io/FileNotFoundException'{0x00000000f5c48140}> (0x00000000f5c48140) 
thrown [src/hotspot/share/prims/jni.cpp, line 516]
Event: 13.911 Thread 0x000079623c004a00 Exception <a 'java/lang/NoSuchMethodError'{0x00000000f5deae38}: 'java.lang.Object java.lang.invoke.DirectMethodHandle$Holder.invokeStatic(java.lang.Object, java.lang.Object, java.lang.Object, long)'> (0x00000000f5deae38) 
thrown [src/hotspot/share/interpreter/linkResolver.cpp, line 758]
Event: 13.942 Thread 0x000079623c004a00 Exception <a 'java/lang/NoSuchMethodError'{0x00000000f5df2530}: 'java.lang.Object java.lang.invoke.DirectMethodHandle$Holder.newInvokeSpecial(java.lang.Object, java.lang.Object, java.lang.Object, long)'> (0x00000000f5df2530) 
thrown [src/hotspot/share/interpreter/linkResolver.cpp, line 758]
Event: 13.943 Thread 0x000079623c004a00 Exception <a 'java/lang/NoSuchMethodError'{0x00000000f5df6648}: 'java.lang.Object java.lang.invoke.DirectMethodHandle$Holder.invokeSpecial(java.lang.Object, java.lang.Object, java.lang.Object, java.lang.Object, long)'> (0x00000000f5df6648) 
thrown [src/hotspot/share/interpreter/linkResolver.cpp, line 758]
Event: 13.943 Thread 0x000079623c004a00 Exception <a 'java/lang/NoSuchMethodError'{0x00000000f6074bd0}: 'java.lang.Object java.lang.invoke.Invokers$Holder.linkToTargetMethod(java.lang.Object, java.lang.Object, long, java.lang.Object)'> (0x00000000f6074bd0) 
thrown [src/hotspot/share/interpreter/linkResolver.cpp, line 758]
Event: 13.947 Thread 0x000079623c004a00 Exception <a 'java/lang/NoSuchMethodError'{0x00000000f61d97d8}: 'java.lang.Object java.lang.invoke.DirectMethodHandle$Holder.newInvokeSpecial(java.lang.Object, java.lang.Object, int, java.lang.Object, java.lang.Object)'> (0x00000000f61d97d8) 
thrown [src/hotspot/share/interpreter/linkResolver.cpp, line 758]
Event: 13.948 Thread 0x000079623c004a00 Exception <a 'java/lang/NoSuchMethodError'{0x00000000f61ddc08}: 'java.lang.Object java.lang.invoke.DirectMethodHandle$Holder.invokeSpecial(java.lang.Object, java.lang.Object, java.lang.Object, int, java.lang.Object, java.lang.Object)'> (0x00000000f61ddc08) 
thrown [src/hotspot/share/interpreter/linkResolver.cpp, line 758]
Event: 14.051 Thread 0x000079623c004a00 Exception <a 'java/lang/NoSuchMethodError'{0x00000000f6e92288}: 'java.lang.Object java.lang.invoke.DirectMethodHandle$Holder.newInvokeSpecial(java.lang.Object, java.lang.Object, java.lang.Object, int, java.lang.Object)'> (0x00000000f6e92288) 
thrown [src/hotspot/share/interpreter/linkResolver.cpp, line 758]
Event: 14.052 Thread 0x000079623c004a00 Exception <a 'java/lang/NoSuchMethodError'{0x00000000f6e96438}: 'java.lang.Object java.lang.invoke.DirectMethodHandle$Holder.invokeSpecial(java.lang.Object, java.lang.Object, java.lang.Object, java.lang.Object, int, java.lang.Object)'> (0x00000000f6e96438) 
thrown [src/hotspot/share/interpreter/linkResolver.cpp, line 758]
Event: 14.052 Thread 0x000079623c004a00 Exception <a 'java/lang/NoSuchMethodError'{0x00000000f6e9a1c0}: 'java.lang.Object java.lang.invoke.Invokers$Holder.linkToTargetMethod(java.lang.Object, java.lang.Object, int, java.lang.Object, java.lang.Object)'> (0x00000000f6e9a1c0) 
thrown [src/hotspot/share/interpreter/linkResolver.cpp, line 758]
Event: 14.980 Thread 0x00007962400010d0 Exception <a 'java/lang/NoSuchMethodError'{0x00000000f77144b8}: 'java.lang.Object java.lang.invoke.DirectMethodHandle$Holder.invokeStatic(java.lang.Object, java.lang.Object, int, java.lang.Object)'> (0x00000000f77144b8) 
thrown [src/hotspot/share/interpreter/linkResolver.cpp, line 758]
Event: 14.980 Thread 0x00007962400010d0 Exception <a 'java/lang/NoSuchMethodError'{0x00000000f771d018}: 'java.lang.Object java.lang.invoke.DirectMethodHandle$Holder.newInvokeSpecial(java.lang.Object, java.lang.Object, int)'> (0x00000000f771d018) 
thrown [src/hotspot/share/interpreter/linkResolver.cpp, line 758]
Event: 15.980 Thread 0x00007962545e75c0 Implicit null exception at 0x00007962ab15d6d2 to 0x00007962ab1618f7
Event: 370.577 Thread 0x00007962440ce380 Exception <a 'java/lang/OutOfMemoryError'{0x00000000e00d0af0}> (0x00000000e00d0af0) 
thrown [src/hotspot/share/gc/shared/memAllocator.cpp, line 136]
Event: 385.981 Thread 0x00007962bc0b1a80 Exception <a 'java/lang/OutOfMemoryError'{0x00000000e00d1090}> (0x00000000e00d1090) 
thrown [src/hotspot/share/gc/shared/memAllocator.cpp, line 138]
Event: 385.981 Thread 0x00007962bc0b1a80 Implicit null exception at 0x00007962ab039f51 to 0x00007962ab039f80
Event: 386.777 Thread 0x00007962bc0b1a80 Exception <a 'java/lang/OutOfMemoryError'{0x00000000e00d10e0}> (0x00000000e00d10e0) 
thrown [src/hotspot/share/gc/shared/memAllocator.cpp, line 136]

VM Operations (20 events):
Event: 382.002 Executing VM operation: ParallelGCFailedAllocation
Event: 382.411 Executing VM operation: ParallelGCFailedAllocation done
Event: 382.411 Executing VM operation: ParallelGCFailedAllocation
Event: 382.822 Executing VM operation: ParallelGCFailedAllocation done
Event: 382.822 Executing VM operation: ParallelGCFailedAllocation
Event: 383.219 Executing VM operation: ParallelGCFailedAllocation done
Event: 383.219 Executing VM operation: ParallelGCFailedAllocation
Event: 383.599 Executing VM operation: ParallelGCFailedAllocation done
Event: 383.599 Executing VM operation: ParallelGCFailedAllocation
Event: 384.012 Executing VM operation: ParallelGCFailedAllocation done
Event: 384.012 Executing VM operation: ParallelGCFailedAllocation
Event: 384.400 Executing VM operation: ParallelGCFailedAllocation done
Event: 384.400 Executing VM operation: ParallelGCFailedAllocation
Event: 384.806 Executing VM operation: ParallelGCFailedAllocation done
Event: 384.806 Executing VM operation: ParallelGCFailedAllocation
Event: 385.202 Executing VM operation: ParallelGCFailedAllocation done
Event: 385.203 Executing VM operation: ParallelGCFailedAllocation
Event: 385.981 Executing VM operation: ParallelGCFailedAllocation done
Event: 385.981 Executing VM operation: ParallelGCFailedAllocation
Event: 386.777 Executing VM operation: ParallelGCFailedAllocation done

Events (20 events):
Event: 143.142 Thread 0x00007962280f3900 Thread added: 0x00007962280f3900
Event: 143.142 Protecting memory [0x00007962c0113000,0x00007962c0117000] with protection modes 0
Event: 143.592 Thread 0x00007962280f3900 Thread exited: 0x00007962280f3900
Event: 143.593 Thread 0x00007962280f3900 Thread added: 0x00007962280f3900
Event: 143.594 Protecting memory [0x00007962c0113000,0x00007962c0117000] with protection modes 0
Event: 143.594 Thread 0x00007962280f6370 Thread added: 0x00007962280f6370
Event: 143.594 Protecting memory [0x00007962a0b00000,0x00007962a0b04000] with protection modes 0
Event: 143.594 Thread 0x00007962280f3900 Thread exited: 0x00007962280f3900
Event: 148.094 Thread 0x0000796228144f00 Thread added: 0x0000796228144f00
Event: 148.096 Protecting memory [0x00007962c0113000,0x00007962c0117000] with protection modes 0
Event: 157.775 Thread 0x00007962281459b0 Thread added: 0x00007962281459b0
Event: 157.775 Protecting memory [0x00007962a0e00000,0x00007962a0e04000] with protection modes 0
Event: 215.999 Thread 0x0000796210001a10 Thread added: 0x0000796210001a10
Event: 215.999 Protecting memory [0x00007962a0c00000,0x00007962a0c04000] with protection modes 0
Event: 314.289 Thread 0x00007962400407c0 Thread added: 0x00007962400407c0
Event: 314.289 Protecting memory [0x00007962a0a00000,0x00007962a0a04000] with protection modes 0
Event: 380.274 loading class java/lang/Throwable$WrappedPrintWriter
Event: 380.274 loading class java/lang/Throwable$PrintStreamOrWriter
Event: 385.203 loading class java/lang/Throwable$PrintStreamOrWriter done
Event: 385.981 loading class java/lang/Throwable$WrappedPrintWriter done


Dynamic libraries:
e0000000-eff80000 rw-p 00000000 00:00 0 
eff80000-fa280000 rw-p 00000000 00:00 0 
fa280000-100000000 ---p 00000000 00:00 0 
800000000-800449000 rw-p 00001000 08:10 707969865                        /nix/store/gpxl5qgg8kicmcvivwmybwjlpf7wh20l-graalvm17-ce-22.3.0/lib/server/classes.jsa
800449000-800bc8000 r--p 0044a000 08:10 707969865                        /nix/store/gpxl5qgg8kicmcvivwmybwjlpf7wh20l-graalvm17-ce-22.3.0/lib/server/classes.jsa
800bc8000-800c00000 ---p 00000000 00:00 0 
800c00000-800c10000 rw-p 00000000 00:00 0 
800c10000-800c30000 rw-p 00000000 00:00 0 
800c30000-800cb0000 rw-p 00000000 00:00 0 
800cb0000-800cf0000 rw-p 00000000 00:00 0 
800cf0000-800db0000 rw-p 00000000 00:00 0 
800db0000-800df0000 rw-p 00000000 00:00 0 
800df0000-800eb0000 rw-p 00000000 00:00 0 
800eb0000-800f70000 rw-p 00000000 00:00 0 
800f70000-8011a0000 rw-p 00000000 00:00 0 
8011a0000-840c00000 ---p 00000000 00:00 0 
56a4653a2000-56a4653a3000 r-xp 00000000 08:10 672029940                  /nix/store/gpxl5qgg8kicmcvivwmybwjlpf7wh20l-graalvm17-ce-22.3.0/bin/.java-wrapped
56a4653a4000-56a4653a5000 r--p 00001000 08:10 672029940                  /nix/store/gpxl5qgg8kicmcvivwmybwjlpf7wh20l-graalvm17-ce-22.3.0/bin/.java-wrapped
56a4653a5000-56a4653a6000 rw-p 00002000 08:10 672029940                  /nix/store/gpxl5qgg8kicmcvivwmybwjlpf7wh20l-graalvm17-ce-22.3.0/bin/.java-wrapped
56a4653a6000-56a4653a7000 rw-p 00004000 08:10 672029940                  /nix/store/gpxl5qgg8kicmcvivwmybwjlpf7wh20l-graalvm17-ce-22.3.0/bin/.java-wrapped
56a4653a7000-56a4653a8000 rw-p 00005000 08:10 672029940                  /nix/store/gpxl5qgg8kicmcvivwmybwjlpf7wh20l-graalvm17-ce-22.3.0/bin/.java-wrapped
56a46714c000-56a467194000 rw-p 00000000 00:00 0                          [heap]
796208000000-796208021000 rw-p 00000000 00:00 0 
796208021000-79620c000000 ---p 00000000 00:00 0 
79620c000000-79620c021000 rw-p 00000000 00:00 0 
79620c021000-796210000000 ---p 00000000 00:00 0 
796210000000-796210021000 rw-p 00000000 00:00 0 
796210021000-796214000000 ---p 00000000 00:00 0 
796215400000-7962154a0000 rw-p 00000000 00:00 0 
7962154a0000-796215c00000 ---p 00000000 00:00 0 
796215c00000-7962161b0000 rw-p 00000000 00:00 0 
7962161b0000-7962163b0000 rw-p 00000000 00:00 0 
7962163b0000-7962163e0000 rw-p 00000000 00:00 0 
7962163e0000-796216400000 ---p 00000000 00:00 0 
7962164b3000-796220000000 r--s 00000000 08:10 707804677                  /nix/store/gpxl5qgg8kicmcvivwmybwjlpf7wh20l-graalvm17-ce-22.3.0/lib/modules
796220000000-796220021000 rw-p 00000000 00:00 0 
796220021000-796224000000 ---p 00000000 00:00 0 
796224000000-796224021000 rw-p 00000000 00:00 0 
796224021000-796228000000 ---p 00000000 00:00 0 
796228000000-79622815b000 rw-p 00000000 00:00 0 
79622815b000-79622c000000 ---p 00000000 00:00 0 
79622c000000-79622c451000 rw-p 00000000 00:00 0 
79622c451000-796230000000 ---p 00000000 00:00 0 
796230000000-796230021000 rw-p 00000000 00:00 0 
796230021000-796234000000 ---p 00000000 00:00 0 
796234000000-796234021000 rw-p 00000000 00:00 0 
796234021000-796238000000 ---p 00000000 00:00 0 
796238000000-796238053000 rw-p 00000000 00:00 0 
796238053000-79623c000000 ---p 00000000 00:00 0 
79623c000000-79623c395000 rw-p 00000000 00:00 0 
79623c395000-796240000000 ---p 00000000 00:00 0 
796240000000-7962400b3000 rw-p 00000000 00:00 0 
7962400b3000-796244000000 ---p 00000000 00:00 0 
796244000000-79624412b000 rw-p 00000000 00:00 0 
79624412b000-796248000000 ---p 00000000 00:00 0 
796248000000-796248021000 rw-p 00000000 00:00 0 
796248021000-79624c000000 ---p 00000000 00:00 0 
79624c000000-79624c05c000 rw-p 00000000 00:00 0 
79624c05c000-796250000000 ---p 00000000 00:00 0 
796251800000-796251ff0000 rw-p 00000000 00:00 0 
796251ff0000-796252000000 rw-p 00000000 00:00 0 
796252800000-7962528f0000 rw-p 00000000 00:00 0 
7962528f0000-796252cf0000 rw-p 00000000 00:00 0 
796252cf0000-796252df0000 rw-p 00000000 00:00 0 
796252df0000-796252ff0000 rw-p 00000000 00:00 0 
796252ff0000-796253170000 rw-p 00000000 00:00 0 
796253170000-7962531f0000 rw-p 00000000 00:00 0 
7962531f0000-7962534b0000 rw-p 00000000 00:00 0 
7962534b0000-7962534f0000 rw-p 00000000 00:00 0 
7962534f0000-7962536f0000 rw-p 00000000 00:00 0 
7962536f0000-796253730000 rw-p 00000000 00:00 0 
796253730000-796253770000 rw-p 00000000 00:00 0 
796253770000-7962537f0000 rw-p 00000000 00:00 0 
7962537f0000-7962538f0000 rw-p 00000000 00:00 0 
7962538f0000-7962539f0000 rw-p 00000000 00:00 0 
7962539f0000-796253ef0000 rw-p 00000000 00:00 0 
796253ef0000-796254000000 rw-p 00000000 00:00 0 
796254000000-796254873000 rw-p 00000000 00:00 0 
796254873000-796258000000 ---p 00000000 00:00 0 
796258000000-796258021000 rw-p 00000000 00:00 0 
796258021000-79625c000000 ---p 00000000 00:00 0 
79625c000000-79625c021000 rw-p 00000000 00:00 0 
79625c021000-796260000000 ---p 00000000 00:00 0 
796260000000-796260021000 rw-p 00000000 00:00 0 
796260021000-796264000000 ---p 00000000 00:00 0 
796264000000-796264021000 rw-p 00000000 00:00 0 
796264021000-796268000000 ---p 00000000 00:00 0 
796268600000-796268610000 r-xp 00000000 00:734 310                       /home/runner/Project01/.cache/jdt-language-server/config/org.eclipse.equinox.launcher/org.eclipse.equinox.launcher.gtk.linux.x86_64_1.2.400.v20211117-0650/eclipse_11600.so
796268610000-79626880f000 ---p 00010000 00:734 310                       /home/runner/Project01/.cache/jdt-language-server/config/org.eclipse.equinox.launcher/org.eclipse.equinox.launcher.gtk.linux.x86_64_1.2.400.v20211117-0650/eclipse_11600.so
79626880f000-796268810000 r--p 0000f000 00:734 310                       /home/runner/Project01/.cache/jdt-language-server/config/org.eclipse.equinox.launcher/org.eclipse.equinox.launcher.gtk.linux.x86_64_1.2.400.v20211117-0650/eclipse_11600.so
796268810000-796268811000 rw-p 00010000 00:734 310                       /home/runner/Project01/.cache/jdt-language-server/config/org.eclipse.equinox.launcher/org.eclipse.equinox.launcher.gtk.linux.x86_64_1.2.400.v20211117-0650/eclipse_11600.so
796269100000-796269200000 ---p 00000000 00:00 0 
796269200000-7962697af000 r--p 01122000 08:10 707802136                  /nix/store/gpxl5qgg8kicmcvivwmybwjlpf7wh20l-graalvm17-ce-22.3.0/lib/libjvmcicompiler.so
7962697af000-796269900000 r--p 00000000 00:00 0 
796269900000-79626993d000 rw-p 00000000 00:00 0 
79626993d000-796269e5d000 rw-p 0185f000 08:10 707802136                  /nix/store/gpxl5qgg8kicmcvivwmybwjlpf7wh20l-graalvm17-ce-22.3.0/lib/libjvmcicompiler.so
796269e5d000-79626a244000 r--p 01d7f000 08:10 707802136                  /nix/store/gpxl5qgg8kicmcvivwmybwjlpf7wh20l-graalvm17-ce-22.3.0/lib/libjvmcicompiler.so
79626a300000-79626a304000 ---p 00000000 00:00 0 
79626a304000-79626a400000 rw-p 00000000 00:00 0 
79626a500000-79626a504000 ---p 00000000 00:00 0 
79626a504000-79626a600000 rw-p 00000000 00:00 0 
79626a700000-79626a704000 ---p 00000000 00:00 0 
79626a704000-79626a800000 rw-p 00000000 00:00 0 
79626a900000-79626a904000 ---p 00000000 00:00 0 
79626a904000-79626aa00000 rw-p 00000000 00:00 0 
79626ab00000-79626ab04000 ---p 00000000 00:00 0 
79626ab04000-79626ac00000 rw-p 00000000 00:00 0 
79626ad00000-79626ad04000 ---p 00000000 00:00 0 
79626ad04000-79626ae00000 rw-p 00000000 00:00 0 
79626ba68000-79626bf00000 rw-p 00000000 00:00 0 
79626c000000-79626c021000 rw-p 00000000 00:00 0 
79626c021000-796270000000 ---p 00000000 00:00 0 
796270000000-796270021000 rw-p 00000000 00:00 0 
796270021000-796274000000 ---p 00000000 00:00 0 
796274000000-796274021000 rw-p 00000000 00:00 0 
796274021000-796278000000 ---p 00000000 00:00 0 
796278000000-796278021000 rw-p 00000000 00:00 0 
796278021000-79627c000000 ---p 00000000 00:00 0 
79627c000000-79627c0db000 rw-p 00000000 00:00 0 
79627c0db000-796280000000 ---p 00000000 00:00 0 
796280000000-7962807b7000 rw-p 00000000 00:00 0 
7962807b7000-796284000000 ---p 00000000 00:00 0 
796284000000-796284021000 rw-p 00000000 00:00 0 
796284021000-796288000000 ---p 00000000 00:00 0 
796288000000-796288021000 rw-p 00000000 00:00 0 
796288021000-79628c000000 ---p 00000000 00:00 0 
79628c000000-79628c021000 rw-p 00000000 00:00 0 
79628c021000-796290000000 ---p 00000000 00:00 0 
796290000000-796290021000 rw-p 00000000 00:00 0 
796290021000-796294000000 ---p 00000000 00:00 0 
796294000000-796294021000 rw-p 00000000 00:00 0 
796294021000-796298000000 ---p 00000000 00:00 0 
796298000000-796298021000 rw-p 00000000 00:00 0 
796298021000-79629c000000 ---p 00000000 00:00 0 
79629c000000-79629c06c000 rw-p 00000000 00:00 0 
79629c06c000-7962a0000000 ---p 00000000 00:00 0 
7962a0100000-7962a0104000 ---p 00000000 00:00 0 
7962a0104000-7962a0200000 rw-p 00000000 00:00 0 
7962a0300000-7962a0304000 ---p 00000000 00:00 0 
7962a0304000-7962a0400000 rw-p 00000000 00:00 0 
7962a0500000-7962a0504000 ---p 00000000 00:00 0 
7962a0504000-7962a0600000 rw-p 00000000 00:00 0 
7962a0700000-7962a0704000 ---p 00000000 00:00 0 
7962a0704000-7962a0800000 rw-p 00000000 00:00 0 
7962a0900000-7962a0904000 ---p 00000000 00:00 0 
7962a0904000-7962a0a00000 rw-p 00000000 00:00 0 
7962a0a00000-7962a0a04000 ---p 00000000 00:00 0 
7962a0a04000-7962a0b00000 rw-p 00000000 00:00 0 
7962a0b00000-7962a0b04000 ---p 00000000 00:00 0 
7962a0b04000-7962a0c00000 rw-p 00000000 00:00 0 
7962a0c00000-7962a0c04000 ---p 00000000 00:00 0 
7962a0c04000-7962a0d00000 rw-p 00000000 00:00 0 
7962a0d00000-7962a0d04000 ---p 00000000 00:00 0 
7962a0d04000-7962a0e00000 rw-p 00000000 00:00 0 
7962a0e00000-7962a0e04000 ---p 00000000 00:00 0 
7962a0e04000-7962a0f00000 rw-p 00000000 00:00 0 
7962a0f00000-7962a0f04000 ---p 00000000 00:00 0 
7962a0f04000-7962a1000000 rw-p 00000000 00:00 0 
7962a1000000-7962a316a000 r-xp 00000000 08:10 707802136                  /nix/store/gpxl5qgg8kicmcvivwmybwjlpf7wh20l-graalvm17-ce-22.3.0/lib/libjvmcicompiler.so
7962a316a000-7962a3369000 ---p 0216a000 08:10 707802136                  /nix/store/gpxl5qgg8kicmcvivwmybwjlpf7wh20l-graalvm17-ce-22.3.0/lib/libjvmcicompiler.so
7962a3369000-7962a336a000 r--p 02169000 08:10 707802136                  /nix/store/gpxl5qgg8kicmcvivwmybwjlpf7wh20l-graalvm17-ce-22.3.0/lib/libjvmcicompiler.so
7962a336a000-7962a336c000 rw-p 0216a000 08:10 707802136                  /nix/store/gpxl5qgg8kicmcvivwmybwjlpf7wh20l-graalvm17-ce-22.3.0/lib/libjvmcicompiler.so
7962a336c000-7962a336d000 rw-p 00000000 00:00 0 
7962a336d000-7962a3372000 rw-p 023c3000 08:10 707802136                  /nix/store/gpxl5qgg8kicmcvivwmybwjlpf7wh20l-graalvm17-ce-22.3.0/lib/libjvmcicompiler.so
7962a33b3000-7962a33b7000 ---p 00000000 00:00 0 
7962a33b7000-7962a34b3000 rw-p 00000000 00:00 0 
7962a34b3000-7962a3723000 rwxp 00000000 00:00 0 
7962a3723000-7962a3a42000 ---p 00000000 00:00 0 
7962a3a42000-7962a47c2000 rwxp 00000000 00:00 0 
7962a47c2000-7962aaf7a000 ---p 00000000 00:00 0 
7962aaf7a000-7962ab1fa000 rwxp 00000000 00:00 0 
7962ab1fa000-7962b24b3000 ---p 00000000 00:00 0 
7962b24b3000-7962bc000000 r--s 00000000 08:10 707804677                  /nix/store/gpxl5qgg8kicmcvivwmybwjlpf7wh20l-graalvm17-ce-22.3.0/lib/modules
7962bc000000-7962bc44f000 rw-p 00000000 00:00 0 
7962bc44f000-7962c0000000 ---p 00000000 00:00 0 
7962c0000000-7962c0004000 ---p 00000000 00:00 0 
7962c0004000-7962c0100000 rw-p 00000000 00:00 0 
7962c0113000-7962c0117000 ---p 00000000 00:00 0 
7962c0117000-7962c0213000 rw-p 00000000 00:00 0 
7962c0213000-7962c0215000 r-xp 00000000 08:10 707802113                  /nix/store/gpxl5qgg8kicmcvivwmybwjlpf7wh20l-graalvm17-ce-22.3.0/lib/libextnet.so
7962c0215000-7962c0216000 r--p 00001000 08:10 707802113                  /nix/store/gpxl5qgg8kicmcvivwmybwjlpf7wh20l-graalvm17-ce-22.3.0/lib/libextnet.so
7962c0216000-7962c0217000 rw-p 00002000 08:10 707802113                  /nix/store/gpxl5qgg8kicmcvivwmybwjlpf7wh20l-graalvm17-ce-22.3.0/lib/libextnet.so
7962c0217000-7962c0218000 rw-p 00004000 08:10 707802113                  /nix/store/gpxl5qgg8kicmcvivwmybwjlpf7wh20l-graalvm17-ce-22.3.0/lib/libextnet.so
7962c0218000-7962c021c000 ---p 00000000 00:00 0 
7962c021c000-7962c023a000 rw-p 00000000 00:00 0 
7962c023a000-7962c0241000 r-xp 00000000 08:10 707804676                  /nix/store/gpxl5qgg8kicmcvivwmybwjlpf7wh20l-graalvm17-ce-22.3.0/lib/libzip.so
7962c0241000-7962c0242000 ---p 00007000 08:10 707804676                  /nix/store/gpxl5qgg8kicmcvivwmybwjlpf7wh20l-graalvm17-ce-22.3.0/lib/libzip.so
7962c0242000-7962c0243000 r--p 00007000 08:10 707804676                  /nix/store/gpxl5qgg8kicmcvivwmybwjlpf7wh20l-graalvm17-ce-22.3.0/lib/libzip.so
7962c0243000-7962c0244000 rw-p 00008000 08:10 707804676                  /nix/store/gpxl5qgg8kicmcvivwmybwjlpf7wh20l-graalvm17-ce-22.3.0/lib/libzip.so
7962c0244000-7962c0246000 rw-p 0000b000 08:10 707804676                  /nix/store/gpxl5qgg8kicmcvivwmybwjlpf7wh20l-graalvm17-ce-22.3.0/lib/libzip.so
7962c0246000-7962c0247000 ---p 00000000 00:00 0 
7962c0247000-7962c0348000 rw-p 00000000 00:00 0 
7962c0348000-7962c034c000 ---p 00000000 00:00 0 
7962c034c000-7962c0448000 rw-p 00000000 00:00 0 
7962c0448000-7962c044c000 ---p 00000000 00:00 0 
7962c044c000-7962c0548000 rw-p 00000000 00:00 0 
7962c0548000-7962c054c000 ---p 00000000 00:00 0 
7962c054c000-7962c0648000 rw-p 00000000 00:00 0 
7962c0648000-7962c064c000 ---p 00000000 00:00 0 
7962c064c000-7962c0848000 rw-p 00000000 00:00 0 
7962c0848000-7962c084c000 ---p 00000000 00:00 0 
7962c084c000-7962c0a48000 rw-p 00000000 00:00 0 
7962c0a48000-7962c0a4c000 ---p 00000000 00:00 0 
7962c0a4c000-7962c0b48000 rw-p 00000000 00:00 0 
7962c0b48000-7962c0b4c000 ---p 00000000 00:00 0 
7962c0b4c000-7962c0c48000 rw-p 00000000 00:00 0 
7962c0c48000-7962c0c4c000 ---p 00000000 00:00 0 
7962c0c4c000-7962c0d48000 rw-p 00000000 00:00 0 
7962c0d48000-7962c102e000 r--p 00000000 08:01 340831                     /usr/lib/locale/locale-archive
7962c102e000-7962c1032000 ---p 00000000 00:00 0 
7962c1032000-7962c112e000 rw-p 00000000 00:00 0 
7962c112e000-7962c1132000 ---p 00000000 00:00 0 
7962c1132000-7962c122e000 rw-p 00000000 00:00 0 
7962c122e000-7962c122f000 ---p 00000000 00:00 0 
7962c122f000-7962c1330000 rw-p 00000000 00:00 0 
7962c1330000-7962c13fe000 r-xp 00000000 08:10 707802132                  /nix/store/gpxl5qgg8kicmcvivwmybwjlpf7wh20l-graalvm17-ce-22.3.0/lib/libjsvml.so
7962c13fe000-7962c13ff000 r--p 000cd000 08:10 707802132                  /nix/store/gpxl5qgg8kicmcvivwmybwjlpf7wh20l-graalvm17-ce-22.3.0/lib/libjsvml.so
7962c13ff000-7962c1400000 rw-p 000ce000 08:10 707802132                  /nix/store/gpxl5qgg8kicmcvivwmybwjlpf7wh20l-graalvm17-ce-22.3.0/lib/libjsvml.so
7962c1400000-7962c17f0000 rw-p 00000000 00:00 0 
7962c17f0000-7962c1af0000 rw-p 00000000 00:00 0 
7962c1af0000-7962c1c00000 rw-p 00000000 00:00 0 
7962c1c01000-7962c1c16000 r-xp 00000000 08:10 707804666                  /nix/store/gpxl5qgg8kicmcvivwmybwjlpf7wh20l-graalvm17-ce-22.3.0/lib/libnet.so
7962c1c16000-7962c1c17000 ---p 00015000 08:10 707804666                  /nix/store/gpxl5qgg8kicmcvivwmybwjlpf7wh20l-graalvm17-ce-22.3.0/lib/libnet.so
7962c1c17000-7962c1c18000 r--p 00015000 08:10 707804666                  /nix/store/gpxl5qgg8kicmcvivwmybwjlpf7wh20l-graalvm17-ce-22.3.0/lib/libnet.so
7962c1c18000-7962c1c19000 rw-p 00016000 08:10 707804666                  /nix/store/gpxl5qgg8kicmcvivwmybwjlpf7wh20l-graalvm17-ce-22.3.0/lib/libnet.so
7962c1c19000-7962c1c1c000 rw-p 0001b000 08:10 707804666                  /nix/store/gpxl5qgg8kicmcvivwmybwjlpf7wh20l-graalvm17-ce-22.3.0/lib/libnet.so
7962c1c1c000-7962c1c2f000 r-xp 00000000 08:10 707804667                  /nix/store/gpxl5qgg8kicmcvivwmybwjlpf7wh20l-graalvm17-ce-22.3.0/lib/libnio.so
7962c1c2f000-7962c1c30000 r--p 00012000 08:10 707804667                  /nix/store/gpxl5qgg8kicmcvivwmybwjlpf7wh20l-graalvm17-ce-22.3.0/lib/libnio.so
7962c1c30000-7962c1c31000 rw-p 00013000 08:10 707804667                  /nix/store/gpxl5qgg8kicmcvivwmybwjlpf7wh20l-graalvm17-ce-22.3.0/lib/libnio.so
7962c1c31000-7962c1c36000 rw-p 00019000 08:10 707804667                  /nix/store/gpxl5qgg8kicmcvivwmybwjlpf7wh20l-graalvm17-ce-22.3.0/lib/libnio.so
7962c1c36000-7962c350e000 rw-p 00000000 00:00 0 
7962c350e000-7962c350f000 ---p 00000000 00:00 0 
7962c350f000-7962c3690000 rw-p 00000000 00:00 0 
7962c3690000-7962c36e2000 rw-p 00000000 00:00 0 
7962c36e2000-7962c3710000 ---p 00000000 00:00 0 
7962c3710000-7962c3716000 rw-p 00000000 00:00 0 
7962c3716000-7962c37fc000 ---p 00000000 00:00 0 
7962c37fc000-7962c3817000 rw-p 00000000 00:00 0 
7962c3817000-7962c38e7000 ---p 00000000 00:00 0 
7962c38e7000-7962c38ec000 rw-p 00000000 00:00 0 
7962c38ec000-7962c38f3000 ---p 00000000 00:00 0 
7962c38f3000-7962c3917000 r-xp 00000000 08:10 707802124                  /nix/store/gpxl5qgg8kicmcvivwmybwjlpf7wh20l-graalvm17-ce-22.3.0/lib/libjava.so
7962c3917000-7962c3918000 ---p 00024000 08:10 707802124                  /nix/store/gpxl5qgg8kicmcvivwmybwjlpf7wh20l-graalvm17-ce-22.3.0/lib/libjava.so
7962c3918000-7962c3919000 r--p 00024000 08:10 707802124                  /nix/store/gpxl5qgg8kicmcvivwmybwjlpf7wh20l-graalvm17-ce-22.3.0/lib/libjava.so
7962c3919000-7962c391a000 rw-p 00025000 08:10 707802124                  /nix/store/gpxl5qgg8kicmcvivwmybwjlpf7wh20l-graalvm17-ce-22.3.0/lib/libjava.so
7962c391a000-7962c391b000 rw-p 00000000 00:00 0 
7962c391b000-7962c3922000 rw-p 0002f000 08:10 707802124                  /nix/store/gpxl5qgg8kicmcvivwmybwjlpf7wh20l-graalvm17-ce-22.3.0/lib/libjava.so
7962c3922000-7962c392a000 rw-s 00000000 00:3a8 376                       /tmp/hsperfdata_runner/77
7962c392a000-7962c392b000 ---p 00000000 00:00 0 
7962c392b000-7962c392c000 r--p 00000000 00:00 0 
7962c392c000-7962c392d000 rwxp 00000000 00:00 0 
7962c392d000-7962c3948000 r-xp 00000000 08:10 707802128                  /nix/store/gpxl5qgg8kicmcvivwmybwjlpf7wh20l-graalvm17-ce-22.3.0/lib/libjimage.so
7962c3948000-7962c3949000 ---p 0001b000 08:10 707802128                  /nix/store/gpxl5qgg8kicmcvivwmybwjlpf7wh20l-graalvm17-ce-22.3.0/lib/libjimage.so
7962c3949000-7962c394b000 r--p 0001b000 08:10 707802128                  /nix/store/gpxl5qgg8kicmcvivwmybwjlpf7wh20l-graalvm17-ce-22.3.0/lib/libjimage.so
7962c394b000-7962c394c000 rw-p 0001d000 08:10 707802128                  /nix/store/gpxl5qgg8kicmcvivwmybwjlpf7wh20l-graalvm17-ce-22.3.0/lib/libjimage.so
7962c394c000-7962c394d000 rw-p 00024000 08:10 707802128                  /nix/store/gpxl5qgg8kicmcvivwmybwjlpf7wh20l-graalvm17-ce-22.3.0/lib/libjimage.so
7962c394d000-7962c3951000 ---p 00000000 00:00 0 
7962c3951000-7962c3a4d000 rw-p 00000000 00:00 0 
7962c3a4d000-7962c3a5b000 r--p 00000000 08:10 600592023                  /nix/store/4nlgxhb09sdr51nc9hdm8az5b08vzkgx-glibc-2.35-163/lib/libm.so.6
7962c3a5b000-7962c3ace000 r-xp 0000e000 08:10 600592023                  /nix/store/4nlgxhb09sdr51nc9hdm8az5b08vzkgx-glibc-2.35-163/lib/libm.so.6
7962c3ace000-7962c3b2b000 r--p 00081000 08:10 600592023                  /nix/store/4nlgxhb09sdr51nc9hdm8az5b08vzkgx-glibc-2.35-163/lib/libm.so.6
7962c3b2b000-7962c3b2c000 r--p 000dd000 08:10 600592023                  /nix/store/4nlgxhb09sdr51nc9hdm8az5b08vzkgx-glibc-2.35-163/lib/libm.so.6
7962c3b2c000-7962c3b2d000 rw-p 000de000 08:10 600592023                  /nix/store/4nlgxhb09sdr51nc9hdm8az5b08vzkgx-glibc-2.35-163/lib/libm.so.6
7962c3b2d000-7962c3b2e000 r--p 00000000 08:10 600592042                  /nix/store/4nlgxhb09sdr51nc9hdm8az5b08vzkgx-glibc-2.35-163/lib/librt.so.1
7962c3b2e000-7962c3b2f000 r-xp 00001000 08:10 600592042                  /nix/store/4nlgxhb09sdr51nc9hdm8az5b08vzkgx-glibc-2.35-163/lib/librt.so.1
7962c3b2f000-7962c3b30000 r--p 00002000 08:10 600592042                  /nix/store/4nlgxhb09sdr51nc9hdm8az5b08vzkgx-glibc-2.35-163/lib/librt.so.1
7962c3b30000-7962c3b31000 r--p 00002000 08:10 600592042                  /nix/store/4nlgxhb09sdr51nc9hdm8az5b08vzkgx-glibc-2.35-163/lib/librt.so.1
7962c3b31000-7962c3b32000 rw-p 00003000 08:10 600592042                  /nix/store/4nlgxhb09sdr51nc9hdm8az5b08vzkgx-glibc-2.35-163/lib/librt.so.1
7962c3b32000-7962c4c45000 r-xp 00000000 08:10 707972962                  /nix/store/gpxl5qgg8kicmcvivwmybwjlpf7wh20l-graalvm17-ce-22.3.0/lib/server/libjvm.so
7962c4c45000-7962c4c46000 ---p 01113000 08:10 707972962                  /nix/store/gpxl5qgg8kicmcvivwmybwjlpf7wh20l-graalvm17-ce-22.3.0/lib/server/libjvm.so
7962c4c46000-7962c4cfb000 r--p 01113000 08:10 707972962                  /nix/store/gpxl5qgg8kicmcvivwmybwjlpf7wh20l-graalvm17-ce-22.3.0/lib/server/libjvm.so
7962c4cfb000-7962c4d2f000 rw-p 011c8000 08:10 707972962                  /nix/store/gpxl5qgg8kicmcvivwmybwjlpf7wh20l-graalvm17-ce-22.3.0/lib/server/libjvm.so
7962c4d2f000-7962c4d8b000 rw-p 00000000 00:00 0 
7962c4d8b000-7962c4db3000 r--p 00000000 08:10 600592014                  /nix/store/4nlgxhb09sdr51nc9hdm8az5b08vzkgx-glibc-2.35-163/lib/libc.so.6
7962c4db3000-7962c4f29000 r-xp 00028000 08:10 600592014                  /nix/store/4nlgxhb09sdr51nc9hdm8az5b08vzkgx-glibc-2.35-163/lib/libc.so.6
7962c4f29000-7962c4f81000 r--p 0019e000 08:10 600592014                  /nix/store/4nlgxhb09sdr51nc9hdm8az5b08vzkgx-glibc-2.35-163/lib/libc.so.6
7962c4f81000-7962c4f85000 r--p 001f6000 08:10 600592014                  /nix/store/4nlgxhb09sdr51nc9hdm8az5b08vzkgx-glibc-2.35-163/lib/libc.so.6
7962c4f85000-7962c4f87000 rw-p 001fa000 08:10 600592014                  /nix/store/4nlgxhb09sdr51nc9hdm8az5b08vzkgx-glibc-2.35-163/lib/libc.so.6
7962c4f87000-7962c4f96000 rw-p 00000000 00:00 0 
7962c4f96000-7962c4f97000 r--p 00000000 08:10 600592019                  /nix/store/4nlgxhb09sdr51nc9hdm8az5b08vzkgx-glibc-2.35-163/lib/libdl.so.2
7962c4f97000-7962c4f98000 r-xp 00001000 08:10 600592019                  /nix/store/4nlgxhb09sdr51nc9hdm8az5b08vzkgx-glibc-2.35-163/lib/libdl.so.2
7962c4f98000-7962c4f99000 r--p 00002000 08:10 600592019                  /nix/store/4nlgxhb09sdr51nc9hdm8az5b08vzkgx-glibc-2.35-163/lib/libdl.so.2
7962c4f99000-7962c4f9a000 r--p 00002000 08:10 600592019                  /nix/store/4nlgxhb09sdr51nc9hdm8az5b08vzkgx-glibc-2.35-163/lib/libdl.so.2
7962c4f9a000-7962c4f9b000 rw-p 00003000 08:10 600592019                  /nix/store/4nlgxhb09sdr51nc9hdm8az5b08vzkgx-glibc-2.35-163/lib/libdl.so.2
7962c4f9b000-7962c4f9c000 r--p 00000000 08:10 600592038                  /nix/store/4nlgxhb09sdr51nc9hdm8az5b08vzkgx-glibc-2.35-163/lib/libpthread.so.0
7962c4f9c000-7962c4f9d000 r-xp 00001000 08:10 600592038                  /nix/store/4nlgxhb09sdr51nc9hdm8az5b08vzkgx-glibc-2.35-163/lib/libpthread.so.0
7962c4f9d000-7962c4f9e000 r--p 00002000 08:10 600592038                  /nix/store/4nlgxhb09sdr51nc9hdm8az5b08vzkgx-glibc-2.35-163/lib/libpthread.so.0
7962c4f9e000-7962c4f9f000 r--p 00002000 08:10 600592038                  /nix/store/4nlgxhb09sdr51nc9hdm8az5b08vzkgx-glibc-2.35-163/lib/libpthread.so.0
7962c4f9f000-7962c4fa0000 rw-p 00003000 08:10 600592038                  /nix/store/4nlgxhb09sdr51nc9hdm8az5b08vzkgx-glibc-2.35-163/lib/libpthread.so.0
7962c4fa0000-7962c4fae000 r-xp 00000000 08:10 707802129                  /nix/store/gpxl5qgg8kicmcvivwmybwjlpf7wh20l-graalvm17-ce-22.3.0/lib/libjli.so
7962c4fae000-7962c4faf000 ---p 0000e000 08:10 707802129                  /nix/store/gpxl5qgg8kicmcvivwmybwjlpf7wh20l-graalvm17-ce-22.3.0/lib/libjli.so
7962c4faf000-7962c4fb0000 r--p 0000e000 08:10 707802129                  /nix/store/gpxl5qgg8kicmcvivwmybwjlpf7wh20l-graalvm17-ce-22.3.0/lib/libjli.so
7962c4fb0000-7962c4fb1000 rw-p 0000f000 08:10 707802129                  /nix/store/gpxl5qgg8kicmcvivwmybwjlpf7wh20l-graalvm17-ce-22.3.0/lib/libjli.so
7962c4fb1000-7962c4fb2000 rw-p 00012000 08:10 707802129                  /nix/store/gpxl5qgg8kicmcvivwmybwjlpf7wh20l-graalvm17-ce-22.3.0/lib/libjli.so
7962c4fb2000-7962c4fb5000 r--p 00000000 08:10 678822167                  /nix/store/026hln0aq1hyshaxsdvhg0kmcm6yf45r-zlib-1.2.13/lib/libz.so.1.2.13
7962c4fb5000-7962c4fc7000 r-xp 00003000 08:10 678822167                  /nix/store/026hln0aq1hyshaxsdvhg0kmcm6yf45r-zlib-1.2.13/lib/libz.so.1.2.13
7962c4fc7000-7962c4fce000 r--p 00015000 08:10 678822167                  /nix/store/026hln0aq1hyshaxsdvhg0kmcm6yf45r-zlib-1.2.13/lib/libz.so.1.2.13
7962c4fce000-7962c4fcf000 r--p 0001b000 08:10 678822167                  /nix/store/026hln0aq1hyshaxsdvhg0kmcm6yf45r-zlib-1.2.13/lib/libz.so.1.2.13
7962c4fcf000-7962c4fd0000 rw-p 0001c000 08:10 678822167                  /nix/store/026hln0aq1hyshaxsdvhg0kmcm6yf45r-zlib-1.2.13/lib/libz.so.1.2.13
7962c4fd0000-7962c4fd2000 rw-p 00000000 00:00 0 
7962c4fd2000-7962c4fd4000 r--p 00000000 08:10 600592008                  /nix/store/4nlgxhb09sdr51nc9hdm8az5b08vzkgx-glibc-2.35-163/lib/ld-linux-x86-64.so.2
7962c4fd4000-7962c4ffb000 r-xp 00002000 08:10 600592008                  /nix/store/4nlgxhb09sdr51nc9hdm8az5b08vzkgx-glibc-2.35-163/lib/ld-linux-x86-64.so.2
7962c4ffb000-7962c5007000 r--p 00029000 08:10 600592008                  /nix/store/4nlgxhb09sdr51nc9hdm8az5b08vzkgx-glibc-2.35-163/lib/ld-linux-x86-64.so.2
7962c5007000-7962c5009000 r--p 00034000 08:10 600592008                  /nix/store/4nlgxhb09sdr51nc9hdm8az5b08vzkgx-glibc-2.35-163/lib/ld-linux-x86-64.so.2
7962c5009000-7962c500b000 rw-p 00036000 08:10 600592008                  /nix/store/4nlgxhb09sdr51nc9hdm8az5b08vzkgx-glibc-2.35-163/lib/ld-linux-x86-64.so.2
7fff34c9b000-7fff34cbf000 rw-p 00000000 00:00 0                          [stack]
7fff34df2000-7fff34df6000 r--p 00000000 00:00 0                          [vvar]
7fff34df6000-7fff34df8000 r-xp 00000000 00:00 0                          [vdso]
ffffffffff600000-ffffffffff601000 --xp 00000000 00:00 0                  [vsyscall]


VM Arguments:
jvm_args: -XX:ThreadPriorityPolicy=1 -XX:+UnlockExperimentalVMOptions -XX:+EnableJVMCIProduct -XX:JVMCIThreadsPerNativeLibraryRuntime=1 -XX:-UnlockExperimentalVMOptions -Declipse.application=org.eclipse.jdt.ls.core.id1 -Dosgi.bundles.defaultStartLevel=4 -Declipse.product=org.eclipse.jdt.ls.core.product -Dlog.level=ALL -Xverify:none -XX:+UseParallelGC -XX:GCTimeRatio=4 -XX:AdaptiveSizePolicyWeight=90 -Dsun.zip.disableMemoryMapping=true -Xmx512m -Xms100m 
java_command: /nix/store/q9712qvwdh22a4krw4jz2sjrz07mvjbl-jdt-language-server-1.9.0/share/java/plugins/org.eclipse.equinox.launcher_1.6.400.v20210924-0641.jar --add-modules=ALL-SYSTEM --add-opens java.base/java.util=ALL-UNNAMED --add-opens java.base/java.lang=ALL-UNNAMED -configuration /home/runner/Project01/.cache/jdt-language-server/config -data /home/runner/.cache/jdt-language-server/data/home/runner/Project01
java_class_path (initial): /nix/store/q9712qvwdh22a4krw4jz2sjrz07mvjbl-jdt-language-server-1.9.0/share/java/plugins/org.eclipse.equinox.launcher_1.6.400.v20210924-0641.jar
Launcher Type: SUN_STANDARD

[Global flags]
    uintx AdaptiveSizePolicyWeight                 = 90                                        {product} {command line}
     intx CICompilerCount                          = 2                                         {product} {ergonomic}
     bool EnableJVMCIProduct                       = true                                {JVMCI product} {jimage}
    uintx GCTimeRatio                              = 4                                         {product} {command line}
   size_t InitialHeapSize                          = 104857600                                 {product} {command line}
     uint JVMCIThreadsPerNativeLibraryRuntime      = 1                                   {JVMCI product} {jimage}
   size_t MaxHeapSize                              = 536870912                                 {product} {command line}
   size_t MaxNewSize                               = 178782208                                 {product} {ergonomic}
   size_t MinHeapDeltaBytes                        = 524288                                    {product} {ergonomic}
   size_t MinHeapSize                              = 104857600                                 {product} {command line}
   size_t NewSize                                  = 34603008                                  {product} {ergonomic}
    uintx NonNMethodCodeHeapSize                   = 5826188                                {pd product} {ergonomic}
    uintx NonProfiledCodeHeapSize                  = 122916026                              {pd product} {ergonomic}
   size_t OldSize                                  = 70254592                                  {product} {ergonomic}
    uintx ProfiledCodeHeapSize                     = 122916026                              {pd product} {ergonomic}
    uintx ReservedCodeCacheSize                    = 251658240                              {pd product} {ergonomic}
     bool SegmentedCodeCache                       = true                                      {product} {ergonomic}
   size_t SoftMaxHeapSize                          = 536870912                              {manageable} {ergonomic}
     intx ThreadPriorityPolicy                     = 1                                         {product} {jimage}
     bool UseCompressedClassPointers               = true                           {product lp64_product} {ergonomic}
     bool UseCompressedOops                        = true                           {product lp64_product} {ergonomic}
     bool UseParallelGC                            = true                                      {product} {command line}

Logging:
Log output configuration:
 #0: stdout all=warning uptime,level,tags
 #1: stderr all=off uptime,level,tags

Environment Variables:
JAVA_HOME=/nix/store/gpxl5qgg8kicmcvivwmybwjlpf7wh20l-graalvm17-ce-22.3.0
PATH=/nix/store/1d6ian3r8kdzspw8hacjhl3xkp40g1lj-binutils-wrapper-2.39/bin:/nix/store/dq0xwmsk1g0i2ayg6pb7y87na2knzylh-gcc-wrapper-11.3.0/bin:/nix/store/bap4d0lpcrhpwmpb8ayjcgkmvfj62lnq-bash-interactive-5.1-p16/bin:/nix/store/pr5n59mb4jzmfx6kanwxly0l07p861fg-patchelf-0.15.0/bin:/nix/store/1gf2flfqnpqbr1b4p4qz2f72y42bs56r-gcc-11.3.0/bin:/nix/store/57xv61c5zi8pphjbcwxxjlgc34p61ic9-glibc-2.35-163-bin/bin:/nix/store/a7gvj343m05j2s32xcnwr35v31ynlypr-coreutils-9.1/bin:/nix/store/039g378vc3pc3dvi9dzdlrd0i4q93qwf-binutils-2.39/bin:/nix/store/gpxl5qgg8kicmcvivwmybwjlpf7wh20l-graalvm17-ce-22.3.0/bin:/nix/store/6z9ag3ihc8mq2hzsw48lhbznvzny65nz-apache-maven-3.8.6/bin:/nix/store/q9712qvwdh22a4krw4jz2sjrz07mvjbl-jdt-language-server-1.9.0/bin:/nix/store/9zdrgm97n766nc0kj11x4xvvp00qlfk9-java-debug/bin:/nix/store/18y8p4mjwjy26npih04hfv48wz9czgk3-attr-2.5.1-bin/bin:/nix/store/q8s1kzhsblr2a1p2g0lh2dkcgca1im3z-libcap-2.66/bin:/nix/store/bvihhgw8bh6cqqlj0d4s8cvmm4mqmzfc-pulseaudio-16.1/bin:/nix/store/mydc6f4k2z73xlcz7ilif3v2lcaiqvza-findutils-4.9.0/bin:/nix/store/j9p3g8472iijd50vhdprx0nmk2fqn5gv-diffutils-3.8/bin:/nix/store/89zs7rms6x00xfq4dq6m7mjnhkr8a6r4-gnused-4.8/bin:/nix/store/86bp03jkmsl6f92w0yzg4s59g5mhxwmy-gnugrep-3.7/bin:/nix/store/hwcdqw4jrjnd37wxqgsd47hd0j8bnj09-gawk-5.1.1/bin:/nix/store/cfbhw8r8ags41vwqaz47r583d0p4h4a1-gnutar-1.34/bin:/nix/store/p3m1ndl1lapwrlh698bnb5lvvxh67378-gzip-1.12/bin:/nix/store/a8mhcagrsly7c7mpjrpsnaahk4aax056-bzip2-1.0.8-bin/bin:/nix/store/mblgz65m3zv9x548a3d5m96fj2pbwr09-gnumake-4.3/bin:/nix/store/dsd5gz46hdbdk2rfdimqddhq6m8m8fqs-bash-5.1-p16/bin:/nix/store/v7ljksji50mg3w61dykaa3n3y79n6nil-patch-2.7.6/bin:/nix/store/zlcnmqq14jz5x9439jf937mvayyl63da-xz-5.2.7-bin/bin:/nix/store/y6aj732zm9m87c82fpvf103a1xb22blp-file-5.43/bin:/nix/store/d05bpdnplg4a279h1javvc7f3fvrbyb5-pid1/bin:/nix/store/hiw9inlip0x4jmy295x8va9ymi16289v-replit-runtime-path/bin:/home/runner/.nix-profile/bin:/home/runner/.local/bin:/usr/local/sbin:/usr/local/bin:/usr/sbin:/usr/bin:/sbin:/b
LD_LIBRARY_PATH=/nix/store/a4pff549sk2idnkpzk5nsfps3mdkdnvm-cups-2.4.2-lib/lib:/nix/store/72mqxxhh3cy5yifh92wh2yb8cl2hikyy-cairo-1.16.0/lib:/nix/store/2k366jrbsra97gjfxwvrhvixjfxdach5-glib-2.74.1/lib:/nix/store/2j2znigd8ak37rlwh9khz0ry3clqlw1l-gtk+3-3.24.34/lib
DISPLAY=:0
LANG=en_US.UTF-8

Signal Handlers:
   SIGSEGV: crash_handler in libjvm.so, mask=11100100010111111101111111111110, flags=SA_RESTART|SA_SIGINFO
    SIGBUS: crash_handler in libjvm.so, mask=11100100010111111101111111111110, flags=SA_RESTART|SA_SIGINFO
    SIGFPE: crash_handler in libjvm.so, mask=11100100010111111101111111111110, flags=SA_RESTART|SA_SIGINFO
   SIGPIPE: IsolateEnterStub_IgnoreSIGPIPEStartupHook_noopSignalHandler_8f19bff2f35b5f630d83b364d6b2339320d4ec70_216e8361c6bc87a8f89f58cc10d3b2fd4415bf87 in libjvmcicompiler.so, mask=00000000000000000000000000000000, flags=SA_RESTART
  *** Handler was modified!
  *** Expected: javaSignalHandler in libjvm.so, mask=11100100110111111111111111111110, flags=SA_RESTART|SA_SIGINFO
   SIGXFSZ: javaSignalHandler in libjvm.so, mask=11100100010111111101111111111110, flags=SA_RESTART|SA_SIGINFO
    SIGILL: crash_handler in libjvm.so, mask=11100100010111111101111111111110, flags=SA_RESTART|SA_SIGINFO
   SIGUSR2: SR_handler in libjvm.so, mask=00000000000000000000000000000000, flags=SA_RESTART|SA_SIGINFO
    SIGHUP: UserHandler in libjvm.so, mask=11100100010111111101111111111110, flags=SA_RESTART|SA_SIGINFO
    SIGINT: UserHandler in libjvm.so, mask=11100100010111111101111111111110, flags=SA_RESTART|SA_SIGINFO
   SIGTERM: UserHandler in libjvm.so, mask=11100100010111111101111111111110, flags=SA_RESTART|SA_SIGINFO
   SIGQUIT: UserHandler in libjvm.so, mask=11100100010111111101111111111110, flags=SA_RESTART|SA_SIGINFO
  *** Handler was modified!
  *** Expected: javaSignalHandler in libjvm.so, mask=11100100110111111111111111111110, flags=SA_RESTART|SA_SIGINFO
   SIGTRAP: crash_handler in libjvm.so, mask=11100100010111111101111111111110, flags=SA_RESTART|SA_SIGINFO


---------------  S Y S T E M  ---------------

OS:
DISTRIB_ID=Ubuntu
DISTRIB_RELEASE=20.04
DISTRIB_CODENAME=focal
DISTRIB_DESCRIPTION="Ubuntu 20.04.2 LTS"
uname: Linux 6.5.0-1022-gcp #24~22.04.1-Ubuntu SMP Tue May 28 16:34:13 UTC 2024 x86_64
OS uptime: 0 days 21:59 hours
libc: glibc 2.35 NPTL 2.35 
rlimit (soft/hard): STACK 8192k/infinity , CORE infinity/infinity , NPROC infinity/infinity , NOFILE 20971/20971 , AS infinity/infinity , CPU infinity/infinity , DATA infinity/infinity , FSIZE infinity/infinity , MEMLOCK 8192k/8192k
load average: 8.73 10.73 9.82

/proc/meminfo:
MemTotal:       65835404 kB
MemFree:        14618032 kB
MemAvailable:   35693568 kB
Buffers:          485168 kB
Cached:         19695740 kB
SwapCached:            0 kB
Active:         31310384 kB
Inactive:       16223856 kB
Active(anon):   27198696 kB
Inactive(anon):    95028 kB
Active(file):    4111688 kB
Inactive(file): 16128828 kB
Unevictable:       28136 kB
Mlocked:           28136 kB
SwapTotal:             0 kB
SwapFree:              0 kB
Zswap:                 0 kB
Zswapped:              0 kB
Dirty:              4912 kB
Writeback:             0 kB
AnonPages:      27080540 kB
Mapped:          1694800 kB
Shmem:             21428 kB
KReclaimable:    1561472 kB
Slab:            2475036 kB
SReclaimable:    1561472 kB
SUnreclaim:       913564 kB
KernelStack:      189024 kB
PageTables:       433104 kB
SecPageTables:         0 kB
NFS_Unstable:          0 kB
Bounce:                0 kB
WritebackTmp:          0 kB
CommitLimit:    32917700 kB
Committed_AS:   68502044 kB
VmallocTotal:   34359738367 kB
VmallocUsed:      235732 kB
VmallocChunk:          0 kB
Percpu:           113952 kB
HardwareCorrupted:     0 kB
AnonHugePages:    278528 kB
ShmemHugePages:        0 kB
ShmemPmdMapped:        0 kB
FileHugePages:         0 kB
FilePmdMapped:         0 kB
Unaccepted:            0 kB
HugePages_Total:       0
HugePages_Free:        0
HugePages_Rsvd:        0
HugePages_Surp:        0
Hugepagesize:       2048 kB
Hugetlb:               0 kB
DirectMap4k:     1180472 kB
DirectMap2M:    58585088 kB
DirectMap1G:     9437184 kB

/sys/kernel/mm/transparent_hugepage/enabled: always [madvise] never
/sys/kernel/mm/transparent_hugepage/defrag (defrag/compaction efforts parameter): always defer defer+madvise [madvise] never

Process Memory:
Virtual Size: 4590204K (peak: 4590204K)
Resident Set Size: 762712K (peak: 796216K) (anon: 564672K, file: 198040K, shmem: 0K)
Swapped out: 0K
C-Heap outstanding allocations: 39570K, retained: 11005K
glibc malloc tunables: (default)

/proc/sys/kernel/threads-max (system-wide limit on the number of threads): 514277
/proc/sys/vm/max_map_count (maximum number of memory map areas a process may have): 65530
/proc/sys/kernel/pid_max (system-wide limit on number of process identifiers): 4194304

container (cgroup) information:
container_type: cgroupv2
cpu_cpuset_cpus: not supported
cpu_memory_nodes: not supported
active_processor_count: 1
cpu_quota: 100000
cpu_period: 100000
cpu_shares: no shares
memory_limit_in_bytes: 3292528 k
memory_and_swap_limit_in_bytes: unlimited
memory_soft_limit_in_bytes: 2097152 k
memory_usage_in_bytes: 600988 k
memory_max_usage_in_bytes: not supported
maximum number of tasks: 1020
current number of tasks: 45

KVM virtualization detected
Steal ticks since vm start: 0
Steal ticks percentage since vm start:  0.000

CPU: total 8 (initial active 1) (8 cores per cpu, 2 threads per core) family 25 model 1 stepping 0 microcode 0xffffffff, cx8, cmov, fxsr, ht, mmx, 3dnowpref, sse, sse2, sse3, ssse3, sse4a, sse4.1, sse4.2, popcnt, lzcnt, tsc, tscinvbit, avx, avx2, aes, erms, clmul, bmi1, bmi2, adx, sha, fma, vzeroupper, clflush, clflushopt, hv
CPU Model and flags from /proc/cpuinfo:
model name	: AMD EPYC 7B13
flags		: fpu vme de pse tsc msr pae mce cx8 apic sep mtrr pge mca cmov pat pse36 clflush mmx fxsr sse sse2 ht syscall nx mmxext fxsr_opt pdpe1gb rdtscp lm constant_tsc rep_good nopl nonstop_tsc cpuid extd_apicid tsc_known_freq pni pclmulqdq ssse3 fma cx16 pcid sse4_1 sse4_2 x2apic movbe popcnt aes xsave avx f16c rdrand hypervisor lahf_lm cmp_legacy cr8_legacy abm sse4a misalignsse 3dnowprefetch osvw topoext invpcid_single ssbd ibrs ibpb stibp vmmcall fsgsbase tsc_adjust bmi1 avx2 smep bmi2 erms invpcid rdseed adx smap clflushopt clwb sha_ni xsaveopt xsavec xgetbv1 clzero xsaveerptr arat npt nrip_save umip vaes vpclmulqdq rdpid fsrm

Online cpus: 0-7
Offline cpus: 
BIOS frequency limitation: <Not Available>
Frequency switch latency (ns): <Not Available>
Available cpu frequencies: <Not Available>
Current governor: <Not Available>
Core performance/turbo boost: <Not Available>

Memory: 4k page, physical 3292528k(2691536k free), swap 0k(0k free)
Page Sizes: 4k

vm_info: OpenJDK 64-Bit Server VM (17.0.5+8-jvmci-22.3-b08) for linux-amd64 JRE (17.0.5+8-jvmci-22.3-b08), built on Oct 19 2022 09:01:27 by "buildslave" with gcc 10.3.0

END.
